1000
3.8122862577438354492e-01,2.2493095695972442627e-01,5.2867287397384643555e-01
5.4767119884490966797e-01,3.9315113425254821777e-01,4.6719733625650405884e-02
6.0215455293655395508e-01,2.4500839412212371826e-01,7.9528856277465820312e-01
4.0214511752128601074e-01,5.3661334514617919922e-01,5.3653323650360107422e-01
2.0232528448104858398e-01,2.6051697134971618652e-01,4.2467629909515380859e-01
1.4356885850429534912e-01,7.8187644481658935547e-02,3.7575331330299377441e-01
4.1035363078117370605e-01,8.1875306367874145508e-01,5.9414375573396682739e-02
7.0397168397903442383e-01,1.9106096029281616211e-01,5.4544228315353393555e-01
1.7099380493164062500e-01,8.4450072050094604492e-01,4.1729468852281570435e-02
5.5690622329711914062e-01,3.0740639567375183105e-01,6.5525716543197631836e-01
5.3061139583587646484e-01,3.4109190106391906738e-01,5.7845407724380493164e-01
5.0785559415817260742e-01,1.8162997066974639893e-01,2.9728740453720092773e-01
4.2920142412185668945e-01,5.3506940603256225586e-01,1.8231375515460968018e-01
6.1549556255340576172e-01,1.4072661101818084717e-01,9.4067168235778808594e-01
4.6152201294898986816e-01,8.2955408096313476562e-01,1.5215168893337249756e-01
8.3060902357101440430e-01,6.0809111595153808594e-01,3.9117026329040527344e-01
8.8509976863861083984e-01,8.4895426034927368164e-01,9.4125604629516601562e-01
1.8573033809661865234e-01,9.6386063098907470703e-01,1.0587340593338012695e-01
8.4674814715981483459e-03,1.9760696589946746826e-01,7.4812185764312744141e-01
2.6348742842674255371e-01,2.1983635425567626953e-01,9.4473546743392944336e-01
5.2165728807449340820e-01,3.5738226771354675293e-01,6.7454862594604492188e-01
1.8287068605422973633e-01,1.4375092089176177979e-01,2.8381401300430297852e-01
5.4665321111679077148e-01,1.0687880218029022217e-01,6.8564546108245849609e-01
6.5306097269058227539e-01,7.5956875085830688477e-01,5.6293499469757080078e-01
6.0141718387603759766e-01,8.0353975296020507812e-01,5.6706416606903076172e-01
2.3547622561454772949e-01,9.4111329317092895508e-01,4.0407496690750122070e-01
2.3417623341083526611e-01,1.6445261240005493164e-01,7.4047696590423583984e-01
8.2027304172515869141e-01,1.5925709903240203857e-01,2.7447739243507385254e-01
9.4190251827239990234e-01,6.6604477167129516602e-01,2.4601076543331146240e-01
3.2154470682144165039e-01,4.6450445055961608887e-01,3.9274156093597412109e-01
9.1309279203414916992e-01,4.2723867297172546387e-01,9.1984814405441284180e-01
5.5151140689849853516e-01,2.0253404974937438965e-01,5.1559245586395263672e-01
5.2369499206542968750e-01,3.3353975415229797363e-01,4.7739988565444946289e-01
4.4340828061103820801e-01,6.1412787437438964844e-01,7.0424395799636840820e-01
2.7292716503143310547e-01,3.8441908359527587891e-01,4.1605931520462036133e-01
1.4895950257778167725e-01,8.9284855127334594727e-01,5.4475623369216918945e-01
1.1450865119695663452e-01,9.0849959850311279297e-01,2.2966936230659484863e-02
7.9369896650314331055e-01,6.1538372188806533813e-02,8.2087278366088867188e-01
1.2321209907531738281e-01,1.1544621735811233521e-01,3.3270445466041564941e-01
9.2774337530136108398e-01,2.2240017354488372803e-01,9.9625313282012939453e-01
1.6787081956863403320e-01,6.9977265596389770508e-01,9.4553780555725097656e-01
8.4821808338165283203e-01,3.9131492376327514648e-01,9.4573831558227539062e-01
6.5601825714111328125e-01,5.2472215890884399414e-01,6.3353139162063598633e-01
6.7377430200576782227e-01,2.4859581887722015381e-01,2.8843078017234802246e-01
6.3387593254446983337e-03,2.5051635503768920898e-01,8.1091356277465820312e-01
5.3288924694061279297e-01,4.2735211551189422607e-02,7.7071112394332885742e-01
6.4519003033638000488e-02,8.4868568181991577148e-01,4.8158791661262512207e-01
7.6230823993682861328e-01,1.2430325895547866821e-01,7.1482783555984497070e-01
9.4905060529708862305e-01,1.0667061060667037964e-01,2.9796674847602844238e-01
6.8443322181701660156e-01,8.8475638628005981445e-01,5.3135854005813598633e-01
1.5942253172397613525e-01,8.5354030132293701172e-01,8.9698308706283569336e-01
3.4401544928550720215e-01,1.8450768664479255676e-02,1.4304031431674957275e-01
2.3447693884372711182e-01,8.8538581132888793945e-01,8.4748929738998413086e-01
8.5023492574691772461e-02,1.6054245829582214355e-01,3.8895145058631896973e-02
3.6394363641738891602e-01,4.9249641597270965576e-03,8.5467904806137084961e-01
2.2085484862327575684e-01,7.8717964887619018555e-01,8.3364021778106689453e-01
3.8964247703552246094e-01,5.3350949287414550781e-01,9.0836930274963378906e-01
1.9983619451522827148e-01,9.2093682289123535156e-01,4.0625569224357604980e-01
2.4127349257469177246e-02,9.8123669624328613281e-01,8.9393484592437744141e-01
1.2455753237009048462e-01,7.9318150877952575684e-02,4.5958256721496582031e-01
5.8777469396591186523e-01,7.0919841527938842773e-01,4.4726973772048950195e-01
5.5516517162322998047e-01,5.5175054073333740234e-01,5.8436769992113113403e-02
7.6418250799179077148e-01,8.7811581790447235107e-02,9.9920755624771118164e-01
6.2550801038742065430e-01,8.5256415605545043945e-01,1.7175192013382911682e-02
9.6074426174163818359e-01,6.8386077880859375000e-01,9.9522209167480468750e-01
5.0348263233900070190e-02,3.1855201721191406250e-01,2.5348174571990966797e-01
6.3780081272125244141e-01,1.8055224418640136719e-01,3.3864161372184753418e-01
4.5968556404113769531e-01,1.9134882092475891113e-01,4.9542742967605590820e-01
6.2455737590789794922e-01,1.8306651711463928223e-01,4.6602699160575866699e-01
4.9641704559326171875e-01,6.9226175546646118164e-01,1.9958136975765228271e-01
4.7590285539627075195e-01,2.5291129946708679199e-02,5.1705974340438842773e-01
1.1467678472399711609e-02,3.6456957459449768066e-02,9.4490963220596313477e-01
3.6144092679023742676e-02,1.8739402294158935547e-01,9.1588234901428222656e-01
5.9635144472122192383e-01,6.8023037910461425781e-01,8.5592740774154663086e-01
8.3923333883285522461e-01,9.6372175216674804688e-01,6.4249235391616821289e-01
4.5091772079467773438e-01,6.6656821966171264648e-01,3.9872890710830688477e-01
4.6601858735084533691e-01,2.1592403948307037354e-01,2.2677203640341758728e-02
3.5503321886062622070e-01,6.0242938995361328125e-01,9.8251396417617797852e-01
2.8465786576271057129e-01,3.5431003570556640625e-01,4.0196242928504943848e-01
6.7229866981506347656e-02,4.1819140315055847168e-01,5.7813435792922973633e-01
8.3048969507217407227e-01,1.5800039470195770264e-01,6.8883836269378662109e-01
6.4400845766067504883e-01,8.2485711574554443359e-01,2.6070928573608398438e-01
9.8132556676864624023e-01,8.9190375804901123047e-01,3.2577782869338989258e-01
8.6607015132904052734e-01,1.7716175317764282227e-01,5.0528705120086669922e-01
3.6047959327697753906e-01,5.3134548664093017578e-01,2.3684529960155487061e-01
9.4215679168701171875e-01,3.2142958045005798340e-01,2.4698533117771148682e-01
7.5942552089691162109e-01,7.5540071725845336914e-01,3.8156937807798385620e-02
1.5882499516010284424e-01,3.3408913016319274902e-01,5.5954742431640625000e-01
8.1451117992401123047e-02,2.5085496902465820312e-01,2.3822205141186714172e-02
8.4915792942047119141e-01,8.4813779592514038086e-01,7.3504549264907836914e-01
8.6110033094882965088e-02,8.7988454103469848633e-01,3.1465119123458862305e-01
6.0226440429687500000e-01,2.3384971916675567627e-01,2.5261518359184265137e-01
8.3840870857238769531e-01,2.8639405965805053711e-01,4.1677288711071014404e-02
1.1354165151715278625e-02,6.9284951686859130859e-01,8.3866852521896362305e-01
2.7276921272277832031e-01,5.3484451770782470703e-01,2.3064886033535003662e-01
3.4301024675369262695e-01,9.5402950048446655273e-01,3.4370848536491394043e-01
2.1541734039783477783e-01,4.4250163435935974121e-01,8.8174206018447875977e-01
2.2817172110080718994e-01,6.8008548021316528320e-01,6.9111055135726928711e-01
7.8065454959869384766e-01,2.2801998257637023926e-01,5.7163226604461669922e-01
1.3311603665351867676e-01,3.7872412800788879395e-01,6.4451657235622406006e-02
9.5580101013183593750e-01,3.4381803870201110840e-01,2.0850526168942451477e-02
3.5032320022583007812e-01,5.8420187234878540039e-01,7.8388661146163940430e-01
8.0183637142181396484e-01,4.9283108115196228027e-01,4.1575884819030761719e-01
2.2424824535846710205e-01,3.6256647109985351562e-01,6.0286641120910644531e-01
6.6218507289886474609e-01,1.8564975261688232422e-01,9.9716979265213012695e-01
7.3132407665252685547e-01,6.5040536224842071533e-02,6.9622355699539184570e-01
5.0117301940917968750e-01,3.4982064366340637207e-01,3.2672041654586791992e-01
9.0351122617721557617e-01,5.6650948524475097656e-01,6.3388580083847045898e-01
9.7217273712158203125e-01,1.0958830267190933228e-01,5.0544410943984985352e-01
5.9951901435852050781e-01,4.6750947833061218262e-01,9.5404744148254394531e-01
8.6367726325988769531e-01,9.3614405393600463867e-01,5.4678374528884887695e-01
7.9618591070175170898e-01,5.1913398504257202148e-01,4.0515476465225219727e-01
9.3186080455780029297e-01,9.8101216554641723633e-01,3.7787088751792907715e-01
1.0360221564769744873e-01,6.7296546697616577148e-01,5.9999954700469970703e-01
9.3372970819473266602e-01,3.6736005544662475586e-01,5.8550858497619628906e-01
1.1813853681087493896e-01,7.9060482978820800781e-01,9.3321347236633300781e-01
4.6403679251670837402e-01,7.5389808416366577148e-01,6.5839892625808715820e-01
5.7768809795379638672e-01,4.7417545318603515625e-01,3.6000952124595642090e-01
5.0958496332168579102e-01,7.8578317165374755859e-01,4.3157848715782165527e-01
7.4299591779708862305e-01,6.7432880401611328125e-02,1.1124527454376220703e-01
8.6868578195571899414e-01,6.8900495767593383789e-01,6.6578745841979980469e-01
6.5466064214706420898e-01,5.3923732042312622070e-01,8.1135123968124389648e-01
2.5256928801536560059e-01,2.8655838966369628906e-01,7.9674965143203735352e-01
3.8160637021064758301e-01,9.3009555339813232422e-01,1.0041578859090805054e-01
3.1473159790039062500e-01,3.1925162672996520996e-01,4.2206901311874389648e-01
4.5661348104476928711e-01,2.9737362265586853027e-01,2.1435697376728057861e-01
8.3002817630767822266e-01,1.9429966807365417480e-01,7.5897312164306640625e-01
7.9262268543243408203e-01,6.0287934541702270508e-01,5.4533344507217407227e-01
1.7931427061557769775e-01,6.2334489822387695312e-01,2.1367478370666503906e-01
5.6236654520034790039e-02,7.7121788263320922852e-01,5.9279400110244750977e-01
3.9772203564643859863e-01,6.5188902616500854492e-01,5.4030287265777587891e-01
8.9188623428344726562e-01,6.5810227394104003906e-01,1.0389747470617294312e-01
8.1848984956741333008e-01,4.7881677746772766113e-01,6.4480030536651611328e-01
9.5849168300628662109e-01,8.9632916450500488281e-01,7.0987433195114135742e-01
9.3395996093750000000e-01,9.2868912220001220703e-01,2.2985886037349700928e-01
4.6797183156013488770e-01,2.5266659259796142578e-01,3.5169285535812377930e-01
5.2097404003143310547e-01,4.3817055225372314453e-01,5.5906140804290771484e-01
5.1303303241729736328e-01,9.3486106395721435547e-01,9.4679933786392211914e-01
7.5236558914184570312e-01,3.4813961386680603027e-01,9.5671111345291137695e-01
2.9642656445503234863e-01,9.2161387205123901367e-02,9.5572465658187866211e-01
2.9572071507573127747e-03,9.6666711568832397461e-01,9.1936284303665161133e-01
4.0439307689666748047e-01,5.2005124092102050781e-01,5.1276022195816040039e-01
9.1533327102661132812e-01,4.5103367418050765991e-02,1.7502309381961822510e-01
2.1559064090251922607e-01,6.3357973098754882812e-01,2.5787028670310974121e-01
3.7775275111198425293e-01,8.5768258571624755859e-01,6.6473931074142456055e-01
1.5773864090442657471e-01,8.7416422367095947266e-01,9.8788368701934814453e-01
3.9511281251907348633e-01,7.9943907260894775391e-01,1.5918698906898498535e-01
6.8764552474021911621e-02,3.6182093620300292969e-01,2.7820092439651489258e-01
1.8950901925563812256e-01,9.7725427150726318359e-01,2.8421545028686523438e-01
6.0389035940170288086e-01,1.6965106129646301270e-01,3.0201578140258789062e-01
5.8475166559219360352e-01,9.5408946275711059570e-01,9.0106773376464843750e-01
3.6500567197799682617e-01,7.1636998653411865234e-01,7.0610010623931884766e-01
3.5594040155410766602e-01,5.1552683115005493164e-01,5.7910281419754028320e-01
4.4165816903114318848e-01,8.6826121807098388672e-01,7.2222203016281127930e-01
4.6630617976188659668e-01,4.5926257967948913574e-02,3.4052672982215881348e-01
5.5915141105651855469e-01,8.3892947435379028320e-01,1.6350160539150238037e-01
2.3227250576019287109e-01,3.2726275920867919922e-01,3.0042126774787902832e-01
6.6476136445999145508e-01,8.8350504636764526367e-01,2.5653603672981262207e-01
8.6966508626937866211e-01,3.1684482097625732422e-01,8.2852292060852050781e-01
5.6338822841644287109e-01,9.1169631481170654297e-01,4.5678517222404479980e-01
3.3684235811233520508e-01,1.0130544006824493408e-01,9.2236030101776123047e-01
3.9074131846427917480e-01,4.2104482650756835938e-01,4.3238830566406250000e-01
5.6708842515945434570e-01,4.1508827358484268188e-02,7.6396352052688598633e-01
1.5341134741902351379e-02,4.1395762562751770020e-01,3.9140373468399047852e-01
1.0387086868286132812e-01,7.5608164072036743164e-01,8.1906557083129882812e-01
2.0587025582790374756e-01,7.6082932949066162109e-01,6.7089205980300903320e-01
2.6175593957304954529e-02,1.0235669463872909546e-01,9.5063030719757080078e-01
4.7517511248588562012e-01,9.0393418073654174805e-01,4.2450153827667236328e-01
3.9268782734870910645e-01,1.0943196713924407959e-01,5.9822570532560348511e-02
5.6354813277721405029e-02,3.2494983077049255371e-01,5.8877509832382202148e-01
7.6621037721633911133e-01,1.8303543329238891602e-01,6.6190969944000244141e-01
4.7915905714035034180e-02,4.6729293465614318848e-01,4.1808870434761047363e-01
6.6599637269973754883e-01,5.6072509288787841797e-01,3.1463268399238586426e-01
3.1930780410766601562e-01,1.9726133346557617188e-01,2.4761529266834259033e-01
3.9532133936882019043e-01,1.1867140419781208038e-03,9.2763441801071166992e-01
1.4425946772098541260e-01,5.7674217224121093750e-01,8.1297993659973144531e-01
3.1782487034797668457e-01,7.0171207189559936523e-01,9.6740758419036865234e-01
7.8675645589828491211e-01,8.1407588720321655273e-01,3.9468568563461303711e-01
6.6495525836944580078e-01,9.2435336112976074219e-01,8.2558608055114746094e-01
9.8350934684276580811e-02,1.1661753803491592407e-01,5.2117694169282913208e-02
2.7385050058364868164e-01,3.4187000989913940430e-01,1.8464173376560211182e-01
2.3693606257438659668e-01,3.7914502620697021484e-01,8.8634639978408813477e-01
8.7957310676574707031e-01,2.8525254130363464355e-01,9.4081747531890869141e-01
1.1042434722185134888e-01,4.7106832265853881836e-01,5.3428435325622558594e-01
6.1853863298892974854e-02,3.5483807325363159180e-01,4.3966615200042724609e-01
6.2940493226051330566e-02,7.9487144947052001953e-01,8.3292752504348754883e-02
1.8840396404266357422e-01,8.8316446542739868164e-01,5.0895249843597412109e-01
1.0970563441514968872e-01,6.2349504232406616211e-01,6.7439430952072143555e-01
6.0801666975021362305e-01,4.0663167834281921387e-01,2.3598788678646087646e-01
7.4706271290779113770e-02,1.8455719947814941406e-01,5.9285718202590942383e-01
3.6493383347988128662e-02,5.0128179788589477539e-01,2.9848432540893554688e-01
4.6436417102813720703e-01,2.1673835813999176025e-01,9.8818206787109375000e-01
5.4474122589454054832e-04,1.1705641448497772217e-01,2.6777929067611694336e-01
8.7878715991973876953e-01,6.4626294374465942383e-01,8.9177429676055908203e-01
2.2030229866504669189e-01,5.2120387554168701172e-01,4.9756172299385070801e-01
6.1614942550659179688e-01,1.0197436064481735229e-01,2.1408502757549285889e-01
7.0047044754028320312e-01,8.3202582597732543945e-01,5.6952548027038574219e-01
4.2697185277938842773e-01,6.4972289837896823883e-03,4.5602524280548095703e-01
2.6576071977615356445e-01,9.8535186052322387695e-01,6.5616625547409057617e-01
3.7273499369621276855e-01,2.3373858630657196045e-01,4.7508320212364196777e-01
3.4241864085197448730e-01,4.5738163590431213379e-01,2.3563180863857269287e-01
2.0329660177230834961e-01,7.9873599112033843994e-02,6.9734799861907958984e-01
1.1473879218101501465e-01,2.2285296022891998291e-01,6.1793410778045654297e-01
2.5098672509193420410e-01,4.9236905574798583984e-01,1.4882776886224746704e-02
7.9771721363067626953e-01,1.3618595898151397705e-01,7.6636940240859985352e-01
1.8380756676197052002e-01,5.8556264638900756836e-01,5.5686041712760925293e-02
1.3336586952209472656e-01,2.3169319331645965576e-01,1.1881080269813537598e-01
2.7501344680786132812e-01,5.8624082803726196289e-01,9.4384551048278808594e-01
7.1712231636047363281e-01,9.5429837703704833984e-02,2.5671929121017456055e-01
3.2926580309867858887e-01,9.9823194742202758789e-01,6.2038558721542358398e-01
9.5502281188964843750e-01,9.1249006986618041992e-01,7.4758696556091308594e-01
1.8766887485980987549e-01,4.3167263269424438477e-01,7.5706827640533447266e-01
1.8541266024112701416e-01,7.3018360137939453125e-01,8.0500137805938720703e-01
4.1972640156745910645e-01,1.8804421648383140564e-02,1.9882261753082275391e-01
1.4769367873668670654e-01,6.0925581492483615875e-03,3.4799328446388244629e-01
7.9440313577651977539e-01,2.6758491992950439453e-01,5.1509684324264526367e-01
7.1802467107772827148e-01,8.8040804862976074219e-01,4.1794762015342712402e-01
2.2933921217918395996e-01,8.9930564165115356445e-01,4.0903010964393615723e-01
9.4076043367385864258e-01,9.7231340408325195312e-01,7.3098313808441162109e-01
8.1596821546554565430e-01,1.9256235659122467041e-01,9.0202826261520385742e-01
7.9424774646759033203e-01,2.6476118713617324829e-02,2.9707109928131103516e-01
3.7336599826812744141e-01,4.0863737463951110840e-01,3.2906189560890197754e-02
6.8411916494369506836e-01,5.2103835344314575195e-01,9.5789916813373565674e-02
1.8945156037807464600e-01,1.5194873325526714325e-02,3.7133207917213439941e-01
6.6068059206008911133e-01,1.6973917186260223389e-01,1.3606961071491241455e-01
9.4394868612289428711e-01,6.3400149345397949219e-01,8.6976575851440429688e-01
4.3338960409164428711e-01,8.0332207679748535156e-01,3.1452468037605285645e-01
4.1759783029556274414e-01,9.8001366853713989258e-01,4.9158878624439239502e-02
1.9429330527782440186e-01,5.2081060409545898438e-01,9.8815941810607910156e-01
6.5529800951480865479e-02,6.6195629537105560303e-02,5.7117801904678344727e-01
9.7233551740646362305e-01,4.4815933704376220703e-01,7.8349101543426513672e-01
4.5760607719421386719e-01,3.9177802205085754395e-01,1.3825972378253936768e-01
8.2520866394042968750e-01,5.8329457044601440430e-01,7.8894221782684326172e-01
9.9769234657287597656e-01,2.2177992761135101318e-01,1.1165043711662292480e-01
4.5665040612220764160e-01,4.3433851003646850586e-01,8.7869125604629516602e-01
2.1407741308212280273e-01,4.9049866199493408203e-01,2.4490317702293395996e-01
5.5174487829208374023e-01,3.2710778713226318359e-01,9.5998531579971313477e-01
8.7241369485855102539e-01,1.4723135530948638916e-01,9.8109650611877441406e-01
9.3747067451477050781e-01,3.3460143208503723145e-01,4.9602228403091430664e-01
6.3699728250503540039e-01,1.2262263149023056030e-01,3.2032704353332519531e-01
5.6806886196136474609e-01,4.7130385041236877441e-01,6.5010178089141845703e-01
4.6552410721778869629e-01,6.2853850424289703369e-02,4.1374668478965759277e-01
4.8011016845703125000e-01,4.3007662892341613770e-01,9.4491183757781982422e-01
9.5281891524791717529e-02,7.5093954801559448242e-01,6.3428568840026855469e-01
1.7272773385047912598e-01,1.7963433265686035156e-01,1.5873995423316955566e-01
8.0021148920059204102e-01,9.9476331472396850586e-01,8.7391179800033569336e-01
5.1332366466522216797e-01,8.2243925333023071289e-01,2.0851705968379974365e-01
3.5062071681022644043e-01,9.1106301546096801758e-01,5.7547891139984130859e-01
3.7849959731101989746e-01,9.3671435117721557617e-01,8.1384122371673583984e-02
1.8542368710041046143e-01,1.4128136634826660156e-01,3.8644254207611083984e-01
3.7505477666854858398e-01,5.9429359436035156250e-01,5.9388023614883422852e-01
6.1189085245132446289e-01,4.8836898803710937500e-01,6.6997706890106201172e-01
6.3933295011520385742e-01,5.6842207908630371094e-01,8.8275635242462158203e-01
3.0212923884391784668e-01,8.6555022001266479492e-01,6.4112558960914611816e-02
1.3895915448665618896e-01,8.9517980813980102539e-01,3.1017127633094787598e-01
9.3642067909240722656e-01,7.5231581926345825195e-01,5.7832413911819458008e-01
1.1659146100282669067e-01,7.2327375411987304688e-01,5.8608967065811157227e-01
8.2935398817062377930e-01,3.2429397106170654297e-01,9.7628170251846313477e-01
6.7579323053359985352e-01,2.1147030591964721680e-01,7.7829939126968383789e-01
6.6055452823638916016e-01,1.1608340591192245483e-01,1.0207938402891159058e-01
3.7362813949584960938e-01,8.3367991447448730469e-01,3.8013628125190734863e-01
3.7576460838317871094e-01,3.0243116617202758789e-01,7.6937174797058105469e-01
5.6174290180206298828e-01,5.8742380142211914062e-01,2.3846550285816192627e-01
8.7958776950836181641e-01,7.4673622846603393555e-01,8.0011874437332153320e-01
9.8680424690246582031e-01,5.1915353536605834961e-01,8.4859526157379150391e-01
9.6430897712707519531e-01,1.8334320187568664551e-01,2.1584208309650421143e-01
2.0171552896499633789e-01,4.3153420090675354004e-01,9.0597122907638549805e-01
5.7455193996429443359e-01,9.7239738702774047852e-01,1.7596522346138954163e-02
2.6003980636596679688e-01,7.1724766492843627930e-01,1.1350324004888534546e-01
6.4779371023178100586e-01,9.5576447248458862305e-01,5.2278566360473632812e-01
6.0334670543670654297e-01,3.1365525722503662109e-01,8.6196392774581909180e-01
9.6778798103332519531e-01,6.3294774293899536133e-01,2.7358940243721008301e-01
2.7932742238044738770e-01,2.4768330156803131104e-01,9.4022059440612792969e-01
7.8302949666976928711e-01,3.6298832297325134277e-01,9.9953353404998779297e-01
6.2249571084976196289e-01,7.8442054986953735352e-01,6.2292285263538360596e-02
6.0309946537017822266e-01,7.9266971349716186523e-01,7.2146862745285034180e-01
8.9998775720596313477e-01,9.8898750543594360352e-01,9.3927568197250366211e-01
3.1515565514564514160e-01,4.0524950623512268066e-01,7.7975559234619140625e-01
4.7272098064422607422e-01,9.6347731351852416992e-01,3.0976241454482078552e-02
8.3628994226455688477e-01,2.8742495924234390259e-02,6.3921922445297241211e-01
9.3446964025497436523e-01,6.0970306396484375000e-01,7.0452362298965454102e-01
8.3922249078750610352e-01,1.3810248672962188721e-01,2.1166594326496124268e-01
2.0210470259189605713e-01,2.6530789211392402649e-02,2.7289292216300964355e-01
4.1882836818695068359e-01,1.9702015444636344910e-02,6.9347214698791503906e-01
5.4286277294158935547e-01,2.1323013305664062500e-01,4.9392375349998474121e-01
5.9624934196472167969e-01,4.9375958740711212158e-02,1.6521900892257690430e-01
9.9506187438964843750e-01,5.0784808397293090820e-01,3.4416919946670532227e-01
9.9094182252883911133e-02,4.0964344143867492676e-01,2.2439725697040557861e-01
6.5537095069885253906e-01,5.3010857105255126953e-01,9.5749950408935546875e-01
2.9122754931449890137e-01,1.7419269680976867676e-01,2.6799038052558898926e-01
6.8623906373977661133e-01,2.5357091426849365234e-01,8.1051492691040039062e-01
4.6675656922161579132e-03,5.4157829284667968750e-01,1.4625677466392517090e-01
8.6523336172103881836e-01,5.9766161441802978516e-01,3.8021370768547058105e-01
5.6682205200195312500e-01,9.9031919240951538086e-01,1.6281703114509582520e-01
6.1202567815780639648e-01,2.3099759221076965332e-01,6.7054587602615356445e-01
8.9573818445205688477e-01,7.5948804616928100586e-01,6.3546568155288696289e-01
8.3421057462692260742e-01,1.9719426333904266357e-01,3.0508374795317649841e-02
6.4607876539230346680e-01,7.8697586059570312500e-01,9.8145604133605957031e-01
2.5965750217437744141e-01,2.5370964407920837402e-01,1.0696253180503845215e-01
3.5180261731147766113e-01,9.2045485973358154297e-01,7.1984767913818359375e-01
1.0234179347753524780e-01,6.3906572759151458740e-02,6.6724407672882080078e-01
1.7926630377769470215e-01,8.4377467632293701172e-01,7.0913654565811157227e-01
8.9402693510055541992e-01,3.5168468952178955078e-01,6.0011512041091918945e-01
1.2959085404872894287e-01,5.7828581333160400391e-01,3.6760127544403076172e-01
2.5001648813486099243e-02,4.1604614257812500000e-01,1.8535727635025978088e-02
7.9421275854110717773e-01,6.3532787561416625977e-01,3.7726029753684997559e-01
2.9228571057319641113e-01,9.3042916059494018555e-01,7.2190392017364501953e-01
9.6033054590225219727e-01,3.2669904828071594238e-01,5.3376597166061401367e-01
7.5172907114028930664e-01,5.5655765533447265625e-01,6.8607276678085327148e-01
6.7891621589660644531e-01,6.5139138698577880859e-01,9.7247904539108276367e-01
5.1023036241531372070e-01,8.7519365549087524414e-01,8.5856467485427856445e-01
5.9608680009841918945e-01,1.3285750150680541992e-01,7.6301586627960205078e-01
1.1175020784139633179e-01,2.5130552053451538086e-01,6.3129061460494995117e-01
7.3159039020538330078e-01,6.2300634384155273438e-01,9.1301262378692626953e-01
6.7084860801696777344e-01,1.7957231402397155762e-01,3.1792616844177246094e-01
4.6085008978843688965e-01,8.2613128423690795898e-01,8.2251727581024169922e-01
8.2455945014953613281e-01,5.3213453292846679688e-01,6.5293061733245849609e-01
6.0919082164764404297e-01,1.4126729965209960938e-01,5.4499560594558715820e-01
9.0218387544155120850e-02,5.5072319507598876953e-01,9.9967074394226074219e-01
7.9167431592941284180e-01,2.3649595677852630615e-01,1.0461623966693878174e-01
7.6755911111831665039e-01,5.7772523164749145508e-01,8.1515169143676757812e-01
6.3685774803161621094e-01,6.4504671096801757812e-01,9.8150694370269775391e-01
9.0881943702697753906e-02,9.4495940208435058594e-01,5.9720575809478759766e-01
5.2450025081634521484e-01,8.3465707302093505859e-01,2.8336772322654724121e-01
5.4739862680435180664e-01,5.6615102291107177734e-01,2.7253559231758117676e-01
7.4282497167587280273e-01,7.4502170085906982422e-01,6.5757632255554199219e-01
4.1709640622138977051e-01,6.1493214219808578491e-02,8.1364470720291137695e-01
5.0002124160528182983e-02,2.3202554881572723389e-01,9.0669631958007812500e-01
3.0966213345527648926e-01,9.3746644258499145508e-01,2.0261645317077636719e-01
6.1521500349044799805e-01,9.5330697298049926758e-01,1.5786001086235046387e-01
2.8263601660728454590e-01,1.6771882772445678711e-01,8.5958427190780639648e-01
9.1049093008041381836e-01,1.2184283882379531860e-01,4.7067910432815551758e-01
5.0956916809082031250e-01,6.0797142982482910156e-01,8.7348401546478271484e-01
7.4164551496505737305e-01,1.1846956331282854080e-03,9.4865643978118896484e-01
6.4731502532958984375e-01,8.2936719059944152832e-02,3.1183981895446777344e-01
5.4088670015335083008e-01,1.3796602189540863037e-01,2.1290932595729827881e-01
3.3414223790168762207e-01,8.5537242889404296875e-01,3.8327258825302124023e-01
8.4578579664230346680e-01,2.8293490409851074219e-01,4.2423993349075317383e-02
5.4794174432754516602e-01,8.4683108329772949219e-01,4.4969037175178527832e-01
8.6843603849411010742e-01,3.3470785617828369141e-01,2.7844071388244628906e-01
8.1979525089263916016e-01,4.6367278695106506348e-01,7.5457406044006347656e-01
2.6772633194923400879e-01,4.3115481734275817871e-01,2.1752072498202323914e-02
3.9984071254730224609e-01,2.3987363278865814209e-01,2.3581252992153167725e-01
9.4871395826339721680e-01,8.5525351762771606445e-01,6.7827081680297851562e-01
4.9982084892690181732e-03,1.9417023658752441406e-01,2.3699040710926055908e-01
3.5508838295936584473e-01,4.0385782718658447266e-02,7.2307497262954711914e-01
3.7563413381576538086e-01,2.7046544477343559265e-02,7.3137003183364868164e-01
6.4069223403930664062e-01,3.2860416173934936523e-01,3.7867844104766845703e-02
6.4379274845123291016e-01,2.7957541868090629578e-02,1.0661187022924423218e-01
9.6812045574188232422e-01,7.8335517644882202148e-01,3.6105886101722717285e-01
7.9641979932785034180e-01,1.5885521471500396729e-01,8.3210498094558715820e-01
7.8750067949295043945e-01,7.0136362314224243164e-01,4.7381177544593811035e-01
3.0768790841102600098e-01,1.4860105514526367188e-01,6.7584007978439331055e-01
3.1976529955863952637e-01,8.9268665760755538940e-03,1.2295406311750411987e-01
8.7105375528335571289e-01,9.3281549215316772461e-01,4.8463121056556701660e-02
8.1671202182769775391e-01,2.6627254486083984375e-01,1.4631944894790649414e-01
1.8234197795391082764e-01,3.6786276102066040039e-01,3.1665542721748352051e-01
2.6780167222023010254e-01,5.3842371702194213867e-01,8.7212496995925903320e-01
3.4386011958122253418e-01,2.9576236009597778320e-01,5.6945246458053588867e-01
3.4928023815155029297e-01,8.6883586645126342773e-01,5.9330272674560546875e-01
5.2175295352935791016e-01,8.4084641933441162109e-01,9.9644750356674194336e-01
6.8880486488342285156e-01,2.4645908176898956299e-01,6.5427452325820922852e-01
1.5807071328163146973e-01,4.4933000206947326660e-01,1.9442810118198394775e-01
9.2414617538452148438e-01,4.2497079819440841675e-02,9.6868467330932617188e-01
9.9615418910980224609e-01,4.5930042862892150879e-02,4.2416107654571533203e-01
8.8690787553787231445e-02,6.2840980291366577148e-01,5.9488791227340698242e-01
9.7495740652084350586e-01,6.9050079584121704102e-01,6.4938044548034667969e-01
4.5463484525680541992e-01,5.5711382627487182617e-01,3.7199562788009643555e-01
1.9861043989658355713e-01,1.7689913511276245117e-02,9.1783654689788818359e-01
1.2932875193655490875e-02,7.7549034357070922852e-01,3.4767729043960571289e-01
1.7487308382987976074e-01,8.3050841093063354492e-01,5.3255844116210937500e-01
4.7228980064392089844e-01,3.5066390037536621094e-01,6.6204869747161865234e-01
1.8030384182929992676e-01,7.2445678710937500000e-01,9.0279918909072875977e-01
2.5736013054847717285e-01,4.3821401894092559814e-02,5.4641819000244140625e-01
2.1362827718257904053e-01,5.4184883832931518555e-02,7.8554159402847290039e-01
2.1589292585849761963e-01,5.1855844259262084961e-01,5.6733969599008560181e-02
9.5849168300628662109e-01,5.5653619766235351562e-01,8.2545572519302368164e-01
7.4925893545150756836e-01,9.0495085716247558594e-01,9.2444467544555664062e-01
1.4965097606182098389e-01,1.8454678356647491455e-01,7.0565992593765258789e-01
6.6762435436248779297e-01,8.6295014619827270508e-01,8.4267151355743408203e-01
2.1802721917629241943e-01,6.5352499485015869141e-02,3.2081946730613708496e-01
8.8603121042251586914e-01,1.9584805704653263092e-03,7.5455740094184875488e-02
9.3850135803222656250e-01,6.7570728063583374023e-01,6.8946313858032226562e-01
6.6096311807632446289e-01,5.1657849550247192383e-01,9.6890127658843994141e-01
3.4221929311752319336e-01,2.6555297896265983582e-02,8.3082383871078491211e-01
2.1842843294143676758e-01,8.8572573661804199219e-01,2.0379105210304260254e-01
9.7133183479309082031e-01,4.8546200990676879883e-01,6.1322891712188720703e-01
2.8016276657581329346e-02,3.0228149890899658203e-01,3.9408835768699645996e-01
3.8850241899490356445e-01,2.9666635394096374512e-01,3.6605960130691528320e-01
7.5092487037181854248e-02,4.9822863936424255371e-01,1.4536906778812408447e-01
4.3502745032310485840e-01,3.0820587277412414551e-01,4.2152693867683410645e-01
1.3346222043037414551e-01,7.6104807853698730469e-01,9.8263472318649291992e-01
9.6745783090591430664e-01,6.4306277036666870117e-01,4.6161979436874389648e-01
5.2706706523895263672e-01,9.8314982652664184570e-01,4.7352376580238342285e-01
3.2123696804046630859e-01,7.8195649385452270508e-01,3.5562735795974731445e-01
6.1645227670669555664e-01,8.6602193117141723633e-01,7.7320301532745361328e-01
6.9907385110855102539e-01,3.1028890609741210938e-01,1.7847990989685058594e-01
9.5150387287139892578e-01,4.1721677780151367188e-01,6.2514644861221313477e-01
9.5659416913986206055e-01,8.9740835130214691162e-02,1.9510498642921447754e-01
7.0142760872840881348e-02,2.8350433707237243652e-01,5.3146964311599731445e-01
8.3719722926616668701e-02,8.6024546623229980469e-01,3.7565535306930541992e-01
3.6934834718704223633e-01,3.3477875590324401855e-01,5.3798073530197143555e-01
2.2211715579032897949e-01,4.2336213588714599609e-01,8.4678894281387329102e-01
1.2123014032840728760e-01,9.1585248708724975586e-02,2.7944189310073852539e-01
6.7518568038940429688e-01,6.7638140916824340820e-01,6.6943657398223876953e-01
6.2392532825469970703e-01,5.8511704206466674805e-01,4.2913633584976196289e-01
9.9600857496261596680e-01,4.0770328044891357422e-01,2.3907345533370971680e-01
4.5486181974411010742e-01,8.3866208791732788086e-01,2.4512720108032226562e-01
9.4791275262832641602e-01,7.1766093373298645020e-02,4.1657436639070510864e-02
5.0797271728515625000e-01,9.7150355577468872070e-02,2.7467328310012817383e-01
5.4129892587661743164e-01,9.9070620536804199219e-01,7.2294050455093383789e-01
9.0421281754970550537e-02,4.8189020156860351562e-01,4.6116045117378234863e-01
4.1512481868267059326e-02,8.6191117763519287109e-01,2.2731842100620269775e-01
9.1190189123153686523e-02,8.0742162466049194336e-01,9.1190683841705322266e-01
7.2257083654403686523e-01,2.3211221396923065186e-01,6.3206571340560913086e-01
4.2714077234268188477e-01,5.2133828401565551758e-01,5.8468019962310791016e-01
8.0977481603622436523e-01,5.4818809032440185547e-01,8.2676959037780761719e-01
8.8455162942409515381e-02,8.4592491388320922852e-01,1.4765420556068420410e-01
5.8029323816299438477e-01,2.0116533339023590088e-01,3.3110141754150390625e-01
8.8611203432083129883e-01,4.7043263912200927734e-01,4.7318428754806518555e-01
3.1543621420860290527e-01,3.8800561428070068359e-01,6.8553149700164794922e-01
2.9857264831662178040e-02,4.9179992079734802246e-01,6.7730653285980224609e-01
8.8116303086280822754e-02,8.1145554780960083008e-01,6.9442880339920520782e-03
1.0997670888900756836e-01,9.3162190914154052734e-01,3.8471069931983947754e-01
8.0339497327804565430e-01,8.4144020080566406250e-01,9.9010211229324340820e-01
6.6012281179428100586e-01,6.3299918174743652344e-01,5.4912739992141723633e-01
5.9860903024673461914e-01,9.7973608970642089844e-01,4.4791188836097717285e-01
3.9001172780990600586e-01,2.9821336269378662109e-01,9.4947767257690429688e-01
3.5293790698051452637e-01,9.9327695369720458984e-01,5.1790153980255126953e-01
3.7882661819458007812e-01,1.4611472189426422119e-01,1.2934969365596771240e-01
3.2995221018791198730e-01,1.8722833693027496338e-01,6.0340458154678344727e-01
4.7554919123649597168e-01,4.8340585082769393921e-02,6.9442456960678100586e-01
8.7436246871948242188e-01,6.3139176368713378906e-01,8.2059848308563232422e-01
9.2567026615142822266e-02,4.6522152423858642578e-01,2.3462373018264770508e-01
7.9338550567626953125e-01,2.3432090878486633301e-01,9.5474201440811157227e-01
1.2092436850070953369e-01,9.0912723541259765625e-01,4.8128217458724975586e-02
1.3450577855110168457e-01,4.1036471724510192871e-02,7.6837366819381713867e-01
6.2848043441772460938e-01,9.1674298048019409180e-01,6.7042160034179687500e-01
5.2661150693893432617e-01,2.7411475777626037598e-01,4.1625285148620605469e-01
3.5235428810119628906e-01,2.3227214813232421875e-01,4.8391318321228027344e-01
8.2417368888854980469e-01,9.4651952385902404785e-02,6.8946814537048339844e-01
2.5818923022598028183e-03,2.8669318556785583496e-01,8.0100804567337036133e-01
8.1805221736431121826e-02,8.4420740604400634766e-01,1.1824118345975875854e-01
9.5888537168502807617e-01,7.5125575065612792969e-01,3.0536499619483947754e-01
9.3730372190475463867e-01,1.5520228445529937744e-01,3.5686019062995910645e-01
6.1042225360870361328e-01,5.5628854781389236450e-02,8.3509869873523712158e-02
6.3223594427108764648e-01,8.4675383567810058594e-01,8.2734787464141845703e-01
9.1621989011764526367e-01,2.7855783700942993164e-01,6.6948193311691284180e-01
1.2929509580135345459e-01,2.4705095589160919189e-01,8.6198854446411132812e-01
2.7172842621803283691e-01,6.8547058105468750000e-01,5.5203038454055786133e-01
9.0505015850067138672e-01,6.3028544187545776367e-01,8.3676092326641082764e-02
2.9389807581901550293e-01,4.3891284614801406860e-02,5.3076350688934326172e-01
3.5810089111328125000e-01,3.7551397085189819336e-01,9.9029678106307983398e-01
4.2440441250801086426e-01,5.7263368368148803711e-01,2.8033486008644104004e-01
8.0746996402740478516e-01,8.6239886283874511719e-01,8.9966428279876708984e-01
5.9102040529251098633e-01,2.0016670227050781250e-02,3.6550372838973999023e-01
6.6062527894973754883e-01,9.9259757995605468750e-01,7.6757907867431640625e-01
4.0130308270454406738e-01,1.8543204665184020996e-01,8.4264403581619262695e-01
1.4063179492950439453e-01,1.6486658155918121338e-01,9.2512208223342895508e-01
9.0061658620834350586e-01,3.8681364059448242188e-01,9.2655628919601440430e-01
1.7808297276496887207e-01,4.2423620820045471191e-01,5.9908443689346313477e-01
6.9284552335739135742e-01,5.4762238264083862305e-01,6.1269515752792358398e-01
5.6152170896530151367e-01,1.7370174825191497803e-01,3.1926435232162475586e-01
3.0132266879081726074e-01,8.7497049570083618164e-01,4.8054152727127075195e-01
7.7809011936187744141e-01,3.4625800326466560364e-03,4.8828774690628051758e-01
8.1220972537994384766e-01,4.1430881246924400330e-03,2.9111200571060180664e-01
3.4412756562232971191e-01,9.7072511911392211914e-01,9.3887913227081298828e-01
1.6116459667682647705e-01,6.0027724504470825195e-01,5.6436702609062194824e-02
5.4349958896636962891e-01,8.8367694616317749023e-01,5.2871811389923095703e-01
4.7855496406555175781e-01,3.1745442748069763184e-01,9.0788179636001586914e-01
1.8809149041771888733e-02,7.0725417137145996094e-01,8.2547143101692199707e-02
6.1385428905487060547e-01,3.4922349452972412109e-01,5.9090924263000488281e-01
1.9508069753646850586e-01,5.4873287677764892578e-01,9.6627332270145416260e-02
5.6004133075475692749e-02,1.7775702476501464844e-01,6.3325369358062744141e-01
2.2698307409882545471e-02,7.1454536914825439453e-01,5.3778737783432006836e-01
5.3009939193725585938e-01,9.8069339990615844727e-01,1.6550497710704803467e-01
7.2181576490402221680e-01,7.7700251340866088867e-01,4.7067201137542724609e-01
9.3762302398681640625e-01,1.4750146865844726562e-01,6.6677713394165039062e-01
2.3850038647651672363e-02,4.5640105009078979492e-01,5.8790779113769531250e-01
4.3967121839523315430e-01,7.5889021158218383789e-02,4.4341337680816650391e-01
8.7039224803447723389e-02,4.8953652381896972656e-01,2.6614907383918762207e-01
5.1280325651168823242e-01,6.1168074607849121094e-02,1.9293817877769470215e-01
5.1964461803436279297e-01,4.0713873505592346191e-01,1.4636515080928802490e-01
3.4716990590095520020e-01,6.6788887977600097656e-01,6.0225301980972290039e-01
5.0225879997014999390e-02,6.7722690105438232422e-01,2.7839392423629760742e-01
8.1210947036743164062e-01,4.9189963936805725098e-01,7.8564524650573730469e-01
9.7322052717208862305e-01,5.7373797893524169922e-01,2.8808009624481201172e-01
8.9359432458877563477e-02,1.0107369162142276764e-02,1.3186688721179962158e-01
5.2678328752517700195e-01,5.6444191932678222656e-01,3.3445650339126586914e-01
4.9463501572608947754e-01,2.3588515818119049072e-01,7.0493292808532714844e-01
4.8642769455909729004e-01,2.4458436295390129089e-02,7.4173974990844726562e-01
7.7814722061157226562e-01,9.0770624577999114990e-02,8.6329871416091918945e-01
4.3671262264251708984e-01,2.1670131385326385498e-01,9.1098982095718383789e-01
6.2917298078536987305e-01,4.4084697961807250977e-01,7.4568241834640502930e-01
9.4660413265228271484e-01,7.8701198101043701172e-02,5.5226441472768783569e-02
9.9397301673889160156e-02,6.7470079660415649414e-01,2.0453136414289474487e-02
1.9702625274658203125e-01,6.9039547443389892578e-01,9.6729212999343872070e-01
5.5412083864212036133e-01,4.9469563364982604980e-01,9.0361630916595458984e-01
2.3136840760707855225e-01,9.2805558443069458008e-01,4.7325521707534790039e-01
4.9750170111656188965e-01,4.4991543889045715332e-01,2.4953928589820861816e-01
5.7873219251632690430e-02,2.3835402727127075195e-01,8.8119402527809143066e-02
8.5360759496688842773e-01,3.7405258417129516602e-01,2.4245288968086242676e-01
2.4881635606288909912e-01,9.9042946100234985352e-01,4.3580284714698791504e-01
1.4551991224288940430e-01,2.5495715439319610596e-02,2.0576228201389312744e-01
2.7081988751888275146e-02,5.9482085704803466797e-01,1.7788145691156387329e-02
4.7212687134742736816e-01,6.9727444648742675781e-01,7.1608942747116088867e-01
1.3899458944797515869e-01,8.3069717884063720703e-01,5.0684875249862670898e-01
3.5240483283996582031e-01,4.7418773174285888672e-01,3.2150685787200927734e-01
9.5557272434234619141e-01,3.6223569512367248535e-01,9.7688370943069458008e-01
2.9651936888694763184e-01,5.3419959545135498047e-01,7.4075913429260253906e-01
7.7163451910018920898e-01,8.3358609676361083984e-01,5.0141727924346923828e-01
5.5506062507629394531e-01,7.2006344795227050781e-01,9.7646310925483703613e-02
9.6688717603683471680e-01,4.4520878791809082031e-01,3.3752474188804626465e-01
2.1220853552222251892e-02,3.3157655596733093262e-01,2.3636546730995178223e-01
4.9170398712158203125e-01,4.2815691232681274414e-01,1.4337527751922607422e-01
4.3818411231040954590e-01,8.3423423767089843750e-01,4.0376189351081848145e-01
5.0885015726089477539e-01,2.0013004541397094727e-02,1.3858717679977416992e-01
1.6973881423473358154e-01,5.2980554103851318359e-01,6.2964260578155517578e-01
2.4433033168315887451e-01,8.6771941184997558594e-01,7.6945245265960693359e-02
8.8478744029998779297e-01,7.4132281541824340820e-01,8.1835991144180297852e-01
2.2616139054298400879e-01,7.9524733126163482666e-02,1.2850828468799591064e-01
9.7441649436950683594e-01,3.5754984617233276367e-01,7.2743999958038330078e-01
6.9943737983703613281e-01,2.4395440518856048584e-01,6.4265042543411254883e-01
2.4194855988025665283e-01,9.0079331398010253906e-01,8.8714277744293212891e-01
7.5836487114429473877e-02,5.8856272697448730469e-01,9.8671299219131469727e-01
4.2256507277488708496e-01,5.3605920076370239258e-01,2.7184650301933288574e-02
3.3587801456451416016e-01,4.5044353604316711426e-01,4.4199702143669128418e-01
3.2408639788627624512e-01,1.2051372230052947998e-01,5.5034923553466796875e-01
6.8696886301040649414e-01,9.6175980567932128906e-01,1.8341143429279327393e-01
9.8183417320251464844e-01,2.2522431612014770508e-01,2.5747245550155639648e-01
4.6490004658699035645e-01,3.6336565017700195312e-01,1.8822106719017028809e-01
7.9395276308059692383e-01,9.0798878669738769531e-01,5.7834595441818237305e-01
6.4418005943298339844e-01,8.9324384927749633789e-01,2.8456351161003112793e-01
7.2949552536010742188e-01,9.8038315773010253906e-01,5.3858178853988647461e-01
5.5696111917495727539e-01,8.4804290533065795898e-01,4.9002146720886230469e-01
9.7873365879058837891e-01,3.1275898218154907227e-01,7.0869714021682739258e-01
6.6263508796691894531e-01,8.0144029855728149414e-01,1.6895085573196411133e-01
3.5953715443611145020e-01,1.5827633440494537354e-01,6.0336762666702270508e-01
6.6891856491565704346e-02,3.1493064016103744507e-02,1.6578301787376403809e-01
3.9215418696403503418e-01,2.3037782311439514160e-01,9.8165798187255859375e-01
5.2308338880538940430e-01,1.5678203105926513672e-01,3.6324882507324218750e-01
5.0152719020843505859e-01,1.1113756150007247925e-01,5.7310867309570312500e-01
6.0693717002868652344e-01,4.6178802847862243652e-01,5.9358006715774536133e-01
1.2717875838279724121e-01,1.7935487627983093262e-01,8.9689326286315917969e-01
8.2613050937652587891e-01,9.9407702684402465820e-01,1.9606043398380279541e-01
8.1194353103637695312e-01,3.4880912303924560547e-01,5.1753860712051391602e-01
4.2674341797828674316e-01,1.0222547501325607300e-01,3.4397551417350769043e-01
9.6077364683151245117e-01,8.6554205417633056641e-01,8.8804876804351806641e-01
6.1975151300430297852e-01,3.9073815941810607910e-01,7.0958489179611206055e-01
5.9142315387725830078e-01,1.4485421776771545410e-01,7.2366464138031005859e-01
1.3329772651195526123e-01,7.6758068799972534180e-01,7.1014976501464843750e-01
5.0616639852523803711e-01,3.5660707950592041016e-01,4.9231645464897155762e-01
7.2094243764877319336e-01,6.0024648904800415039e-01,6.5708279609680175781e-01
6.3830786943435668945e-01,2.9467567801475524902e-01,5.1527112722396850586e-01
9.6722826361656188965e-02,2.4574689567089080811e-01,7.9354447126388549805e-01
6.0479527711868286133e-01,9.0193259716033935547e-01,4.0167391300201416016e-01
6.3776284456253051758e-01,8.3695030212402343750e-01,3.3975669741630554199e-01
4.0276102721691131592e-02,6.4209932088851928711e-01,9.2662793397903442383e-01
4.7022023797035217285e-01,6.4007765054702758789e-01,9.9960678815841674805e-01
3.8861498236656188965e-01,1.8591809272766113281e-01,6.8590354919433593750e-01
3.1735560297966003418e-01,1.8457813188433647156e-02,9.8492681980133056641e-01
4.9712648987770080566e-01,6.4433932304382324219e-01,5.0873023271560668945e-01
5.7370924949645996094e-01,2.8749164938926696777e-01,1.4458250999450683594e-01
1.1189151555299758911e-01,1.1379344761371612549e-01,1.3448745012283325195e-01
1.7500203847885131836e-01,8.0870097875595092773e-01,1.0697292536497116089e-01
9.1610723733901977539e-01,9.2886453866958618164e-01,3.3671358227729797363e-01
3.6309736967086791992e-01,3.6725100874900817871e-01,5.9675151109695434570e-01
4.7085058689117431641e-01,3.1437906622886657715e-01,1.4940047636628150940e-02
3.8809323310852050781e-01,2.7878344058990478516e-01,8.2328170537948608398e-01
2.5014403462409973145e-01,6.1902600526809692383e-01,3.8194429874420166016e-01
4.5206838846206665039e-01,5.0504529476165771484e-01,4.8438929021358489990e-02
7.0228439569473266602e-01,8.0614423751831054688e-01,5.0311022996902465820e-01
3.8765197992324829102e-01,2.7574980631470680237e-03,1.4998929202556610107e-01
1.1864259093999862671e-01,6.5799094736576080322e-02,4.6081677079200744629e-01
5.2425718307495117188e-01,9.4725400209426879883e-02,8.6053246259689331055e-01
3.1953284144401550293e-01,6.0806125402450561523e-01,8.1390202045440673828e-01
7.3008710145950317383e-01,1.1475666612386703491e-01,5.0332672894001007080e-02
5.2135074138641357422e-01,1.1455462127923965454e-01,7.0211583375930786133e-01
3.9794737100601196289e-01,3.2602876424789428711e-02,4.5533236861228942871e-01
7.9003179073333740234e-01,1.6521203517913818359e-01,2.0938576757907867432e-01
4.8858818411827087402e-01,5.0922787189483642578e-01,7.6187109947204589844e-01
8.5529577732086181641e-01,6.0602486133575439453e-01,7.3923236131668090820e-01
7.8206378221511840820e-01,9.7597971558570861816e-02,9.0157851576805114746e-02
5.2092200517654418945e-01,7.1962946653366088867e-01,2.2668030858039855957e-01
5.4816961288452148438e-01,3.8234522938728332520e-01,8.8937990367412567139e-02
4.5864161849021911621e-01,8.4666407108306884766e-01,7.3067456483840942383e-01
5.6775581836700439453e-01,7.5120073556900024414e-01,1.8619568645954132080e-01
5.8958478271961212158e-02,1.0770180076360702515e-01,6.8181771039962768555e-01
8.8035202026367187500e-01,4.2722788453102111816e-01,9.3381375074386596680e-01
9.7303128242492675781e-01,3.1336030364036560059e-01,1.3302944600582122803e-01
9.7864866256713867188e-02,2.0868846774101257324e-01,7.4141830205917358398e-01
2.1279282867908477783e-01,5.8553516864776611328e-01,1.3491164147853851318e-01
2.3698095977306365967e-01,2.1510717272758483887e-01,1.2458372116088867188e-01
5.3272444009780883789e-01,9.4882458448410034180e-01,6.0397084802389144897e-02
1.8965087831020355225e-01,7.8423893451690673828e-01,5.7908222079277038574e-02
5.9069901704788208008e-01,8.2607120275497436523e-01,6.5304511785507202148e-01
6.6331523656845092773e-01,1.2843125499784946442e-02,8.8204002380371093750e-01
3.3655264973640441895e-01,9.2982441186904907227e-01,6.7487943172454833984e-01
2.2292251884937286377e-01,2.1980696916580200195e-01,2.2725151479244232178e-01
8.8703906536102294922e-01,7.6046746969223022461e-01,9.2585271596908569336e-01
1.0207912325859069824e-01,8.8453829288482666016e-01,2.5424325466156005859e-01
9.4318944215774536133e-01,4.1931354999542236328e-01,7.7828246355056762695e-01
4.5007458329200744629e-01,2.2876712679862976074e-01,8.8569384813308715820e-01
5.9038859605789184570e-01,1.4087623357772827148e-01,2.0630642771720886230e-01
5.7849341630935668945e-01,1.9659265875816345215e-01,8.3375227451324462891e-01
1.1552000790834426880e-01,7.2236604988574981689e-02,2.9251337051391601562e-01
4.6093103289604187012e-01,7.4083268642425537109e-01,3.5356038808822631836e-01
7.5406360626220703125e-01,5.2413082122802734375e-01,8.2102276384830474854e-02
9.8177939653396606445e-01,9.5830398797988891602e-01,6.4985001087188720703e-01
5.6506943702697753906e-01,3.3199715614318847656e-01,2.7098163962364196777e-01
1.2066105753183364868e-01,2.7996620535850524902e-01,1.8987463414669036865e-01
8.7305176258087158203e-01,9.6243745088577270508e-01,9.8675990104675292969e-01
5.1717621088027954102e-01,7.5550800561904907227e-01,7.6696306467056274414e-01
6.7292654514312744141e-01,9.0195737779140472412e-02,7.5262331962585449219e-01
9.7546172142028808594e-01,7.1268105506896972656e-01,1.8990686163306236267e-02
7.7643716335296630859e-01,3.5105380415916442871e-01,6.9608904421329498291e-02
2.5667190551757812500e-01,5.0353235006332397461e-01,8.1690305471420288086e-01
1.1376138031482696533e-01,8.1489855051040649414e-01,2.3062096536159515381e-01
6.5345740318298339844e-01,1.4957104623317718506e-01,6.5347397327423095703e-01
7.9871410131454467773e-01,2.8049910068511962891e-01,3.9540901780128479004e-01
2.9090064764022827148e-01,2.4105699360370635986e-01,3.2729661464691162109e-01
2.9018184542655944824e-01,9.8814100027084350586e-01,6.7203086614608764648e-01
9.1294449567794799805e-01,3.7704861164093017578e-01,4.9311709403991699219e-01
8.0205786228179931641e-01,2.0360800623893737793e-01,8.1622773408889770508e-01
4.7753769159317016602e-01,3.6859038472175598145e-01,6.1902844905853271484e-01
4.8118701577186584473e-01,1.7613608390092849731e-02,4.2204475402832031250e-01
7.5123214721679687500e-01,4.7661673277616500854e-02,2.7604946494102478027e-01
4.4208177924156188965e-01,8.8237321376800537109e-01,6.2074214220046997070e-01
3.9180347323417663574e-01,7.7276575565338134766e-01,3.4405332803726196289e-01
4.8714697360992431641e-01,1.2217047065496444702e-01,3.7641882896423339844e-01
7.6981747150421142578e-01,6.6827751696109771729e-02,4.0351039171218872070e-01
9.9415159225463867188e-01,9.5513367652893066406e-01,6.2849301099777221680e-01
3.8937902450561523438e-01,8.6564487218856811523e-01,4.9066135287284851074e-01
7.6500070095062255859e-01,4.4190111756324768066e-01,2.0691853761672973633e-01
3.7193652987480163574e-01,7.5538116693496704102e-01,7.7228121459484100342e-02
7.1061772108078002930e-01,4.6597566455602645874e-02,5.6780314445495605469e-01
4.4842806458473205566e-01,7.7428263425827026367e-01,5.4926282167434692383e-01
8.9419233798980712891e-01,3.2960614562034606934e-01,8.1016844511032104492e-01
4.9143370985984802246e-01,2.2738532721996307373e-01,4.2303066700696945190e-02
7.2625285387039184570e-01,3.1422361731529235840e-01,2.2085444629192352295e-01
8.9170700311660766602e-01,8.1973040103912353516e-01,2.0151501893997192383e-01
3.6657890677452087402e-01,7.2606867551803588867e-01,4.7497165203094482422e-01
5.5565655231475830078e-01,5.2120363712310791016e-01,7.4154242873191833496e-02
8.1003767251968383789e-01,5.7633854448795318604e-02,4.7338683158159255981e-02
6.4548826217651367188e-01,7.9470831155776977539e-01,2.0881102979183197021e-01
1.3560833036899566650e-01,6.5424460172653198242e-01,3.4478920698165893555e-01
9.9653100967407226562e-01,1.2554964423179626465e-01,6.3583105802536010742e-01
2.4324922263622283936e-01,7.2085946798324584961e-01,1.3415728509426116943e-01
1.7457890789955854416e-03,5.4015624523162841797e-01,9.9204486608505249023e-01
9.4171011447906494141e-01,2.8929349780082702637e-01,4.5837542414665222168e-01
3.7479937076568603516e-01,7.1419674158096313477e-01,6.8621331453323364258e-01
9.8116236925125122070e-01,1.9717054069042205811e-01,7.1829563379287719727e-01
3.7952369451522827148e-01,6.7990392446517944336e-01,9.6071708202362060547e-01
3.5425344109535217285e-01,4.4429796934127807617e-01,9.6595175564289093018e-02
2.1739387512207031250e-01,6.7189502716064453125e-01,9.8056524991989135742e-01
3.1107231974601745605e-01,1.5707965195178985596e-01,9.4524657726287841797e-01
4.5020017027854919434e-01,5.3639513254165649414e-01,3.4232571721076965332e-01
3.6168333888053894043e-01,5.1081717014312744141e-01,9.4890043139457702637e-02
3.0478143692016601562e-01,6.5067023038864135742e-01,3.8472315669059753418e-01
5.3606283664703369141e-01,7.7827894687652587891e-01,7.2835308313369750977e-01
6.0716241598129272461e-01,4.9176710844039916992e-01,1.2163157016038894653e-01
2.1687065064907073975e-01,9.7128891944885253906e-01,5.3536874055862426758e-01
7.4262118339538574219e-01,1.5045338869094848633e-01,6.6050100326538085938e-01
2.2585144639015197754e-01,1.0090346448123455048e-02,8.2666420936584472656e-01
2.3539288341999053955e-01,6.4002496004104614258e-01,8.2113140821456909180e-01
9.0014308691024780273e-01,6.1795258522033691406e-01,7.5851494073867797852e-01
1.0464774817228317261e-01,4.4930407404899597168e-01,8.9573782682418823242e-01
1.2260241061449050903e-01,6.3303947448730468750e-02,7.8303158283233642578e-01
4.9500086903572082520e-01,5.7140827178955078125e-02,4.0450850129127502441e-01
2.2487471997737884521e-01,6.1715227365493774414e-01,2.0218404009938240051e-02
3.1505078077316284180e-01,6.4411872625350952148e-01,2.4272829294204711914e-01
9.1608005762100219727e-01,7.8921779990196228027e-02,2.8440883755683898926e-01
6.8734735250473022461e-01,1.0518863052129745483e-01,6.7121607065200805664e-01
1.9331932067871093750e-01,4.2844462394714355469e-01,2.5939989089965820312e-01
2.4012005329132080078e-01,5.5749231576919555664e-01,5.4191535711288452148e-01
3.4034276008605957031e-01,7.4623662233352661133e-01,6.0813277959823608398e-01
9.3252867460250854492e-01,3.2713124155998229980e-01,1.5234439074993133545e-01
6.7226725816726684570e-01,2.9475167393684387207e-01,2.7573999762535095215e-01
3.1338518857955932617e-01,3.4159204363822937012e-01,6.6458076238632202148e-02
5.7649093866348266602e-01,3.0423912405967712402e-01,3.8106009364128112793e-01
4.8888936638832092285e-01,5.9120470285415649414e-01,3.6656913161277770996e-01
7.7267313003540039062e-01,8.7194043397903442383e-01,3.3670741319656372070e-01
2.9469740390777587891e-01,1.3308660686016082764e-01,1.4076721668243408203e-01
1.8431344628334045410e-01,8.7275654077529907227e-01,9.3277537822723388672e-01
7.7860724925994873047e-01,7.7735018730163574219e-01,8.2897037267684936523e-01
7.6025807857513427734e-01,2.1605314686894416809e-02,7.0690673589706420898e-01
5.7707790285348892212e-02,7.6068431138992309570e-01,6.2610000371932983398e-01
8.9063274860382080078e-01,5.0287872552871704102e-01,7.1210330724716186523e-01
1.2101211585104465485e-02,1.6310888528823852539e-01,6.5357500314712524414e-01
4.1283753514289855957e-01,8.3477482199668884277e-02,1.6837951540946960449e-01
3.4603086113929748535e-01,5.4327356815338134766e-01,7.6923900842666625977e-01
7.9797291755676269531e-01,7.9803866147994995117e-01,5.9674930572509765625e-01
1.1498624831438064575e-01,9.1339039802551269531e-01,9.1592437028884887695e-01
8.8579040765762329102e-01,4.3888464570045471191e-01,2.2317378222942352295e-01
4.0772214531898498535e-02,4.6192595362663269043e-01,5.0212699919939041138e-02
2.0591964945197105408e-02,3.7477675080299377441e-01,3.8688904047012329102e-01
3.0663201212882995605e-01,5.9517270326614379883e-01,2.2095654904842376709e-01
2.3344057798385620117e-01,5.9859669208526611328e-01,5.5765324831008911133e-01
8.7351375818252563477e-01,4.5405718684196472168e-01,3.3208075165748596191e-01
7.6609390974044799805e-01,2.7567195892333984375e-01,2.7143815159797668457e-01
8.6141580343246459961e-01,2.7472633123397827148e-01,1.1110331118106842041e-01
9.3183094263076782227e-01,6.8345093727111816406e-01,4.9785692244768142700e-02
1.3678552210330963135e-01,7.3128956556320190430e-01,4.9361562728881835938e-01
7.3785638809204101562e-01,7.7186161279678344727e-01,1.6460652649402618408e-01
6.6093154251575469971e-02,7.3842352628707885742e-01,1.7375952005386352539e-01
8.6070108413696289062e-01,5.6600713729858398438e-01,8.2444322109222412109e-01
5.1185041666030883789e-01,9.6044343709945678711e-01,3.3204457163810729980e-01
9.3075978755950927734e-01,6.0508817434310913086e-01,9.5628869533538818359e-01
1.1104065924882888794e-01,3.7144634127616882324e-01,7.6509934663772583008e-01
1.4244990423321723938e-02,4.2422550916671752930e-01,8.6427044868469238281e-01
7.4675852060317993164e-01,9.2246615886688232422e-01,2.5877064466476440430e-01
6.3751745223999023438e-01,4.1401064395904541016e-01,2.8993384912610054016e-02
6.7154252529144287109e-01,1.3044735789299011230e-01,5.7306814193725585938e-01
4.4803449511528015137e-01,4.5867374539375305176e-01,9.3297517299652099609e-01
2.5103500485420227051e-01,5.7436171919107437134e-02,7.4613809585571289062e-01
3.6357745528221130371e-01,4.0720362216234207153e-02,2.2136028110980987549e-01
2.8419107198715209961e-01,8.4198439121246337891e-01,1.6353595256805419922e-01
2.3754970729351043701e-01,6.7988967895507812500e-01,7.2244602441787719727e-01
9.0289878845214843750e-01,7.0584523677825927734e-01,5.8061122894287109375e-01
4.4100254774093627930e-01,8.9720237255096435547e-01,7.9810482263565063477e-01
4.5876675844192504883e-01,6.4140719175338745117e-01,4.7234427928924560547e-01
3.8471913337707519531e-01,8.7667691707611083984e-01,8.0141335725784301758e-01
1.5426222980022430420e-01,3.1847883015871047974e-02,4.1841366887092590332e-01
4.1748458147048950195e-01,9.7023904323577880859e-02,9.3232864141464233398e-01
7.5170680880546569824e-02,5.2764362096786499023e-01,3.0555406212806701660e-01
9.7678482532501220703e-01,4.6913915872573852539e-01,3.1536886096000671387e-01
3.3219780772924423218e-02,4.6380606293678283691e-01,8.7090563774108886719e-01
2.8989477083086967468e-02,9.8139166831970214844e-01,2.3975911736488342285e-01
6.0954427719116210938e-01,2.2686111927032470703e-01,9.2108416557312011719e-01
3.3103182911872863770e-01,5.4806470870971679688e-01,5.0454635173082351685e-02
3.8388085365295410156e-01,4.1826352477073669434e-01,7.4789619445800781250e-01
5.0480598211288452148e-01,2.9910531640052795410e-01,2.5936689972877502441e-01
8.7296497821807861328e-01,2.6444956660270690918e-01,3.6301192641258239746e-01
9.5967686176300048828e-01,2.7488514780998229980e-01,6.9762200117111206055e-01
7.6237595081329345703e-01,7.5024229288101196289e-01,6.4135348796844482422e-01
5.0626665353775024414e-01,7.4105423688888549805e-01,4.0089076757431030273e-01
4.3387758731842041016e-01,9.0205150842666625977e-01,4.3669962882995605469e-01
1.9447046518325805664e-01,7.3934614658355712891e-01,5.7852655649185180664e-02
5.3129907697439193726e-02,6.4211934804916381836e-02,7.3317080736160278320e-01
9.9687671661376953125e-01,1.6844806075096130371e-01,7.9815477132797241211e-02
2.7254328131675720215e-01,9.9045151472091674805e-01,9.7579234838485717773e-01
1.9571109116077423096e-01,7.1642810106277465820e-01,7.7631503343582153320e-01
3.3448526263236999512e-01,5.0370490550994873047e-01,9.0106129646301269531e-01
6.4771980047225952148e-01,5.7272744178771972656e-01,9.7143310308456420898e-01
9.9612379074096679688e-01,6.2876707315444946289e-01,4.7606003284454345703e-01
8.4268641471862792969e-01,2.9819646477699279785e-01,2.1684056520462036133e-01
4.3741965293884277344e-01,6.2666946649551391602e-01,4.2804759740829467773e-01
2.6758399605751037598e-01,7.6271903514862060547e-01,5.2694845199584960938e-01
9.9015730619430541992e-01,2.4410817027091979980e-01,5.9634047746658325195e-01
9.2596195638179779053e-02,1.1514317244291305542e-01,6.2450349330902099609e-01
6.7207264900207519531e-01,6.8196958303451538086e-01,4.3413987755775451660e-01
3.4083026647567749023e-01,5.8364742994308471680e-01,8.7961852550506591797e-01
5.3000754117965698242e-01,1.1837817728519439697e-01,2.0273067057132720947e-01
2.4001145362854003906e-01,7.9611968994140625000e-01,2.1063423156738281250e-01
2.9320698976516723633e-01,7.7891379594802856445e-01,9.6254318952560424805e-01
6.1391717195510864258e-01,2.9089193791151046753e-02,1.1092788726091384888e-01
6.5751206874847412109e-01,1.0807383060455322266e-01,8.9269310235977172852e-01
1.5832236409187316895e-01,2.1747094392776489258e-01,9.1576945781707763672e-01
5.2536553144454956055e-01,7.5439023971557617188e-01,4.3982994556427001953e-01
4.8243948817253112793e-01,9.6060341596603393555e-01,3.7600362300872802734e-01
9.5868486166000366211e-01,1.7456761002540588379e-01,2.4715396761894226074e-01
1.6254428029060363770e-01,5.3072685003280639648e-01,5.2815115451812744141e-01
4.9455067515373229980e-01,1.4168171584606170654e-01,2.9281240701675415039e-01
4.7930979728698730469e-01,5.6275880336761474609e-01,1.6252001747488975525e-02
8.0818456411361694336e-01,2.2953878343105316162e-01,1.9916290044784545898e-01
1.1561886966228485107e-01,9.4803321361541748047e-01,6.5572494268417358398e-01
7.3406183719635009766e-01,9.6817100048065185547e-01,7.3766630887985229492e-01
5.8320391178131103516e-01,6.4504790306091308594e-01,1.7406360805034637451e-01
8.0451995134353637695e-01,1.9805578514933586121e-02,2.8930622339248657227e-01
5.6514889001846313477e-01,9.7705289721488952637e-02,5.8272975683212280273e-01
1.8534976243972778320e-01,1.7202349007129669189e-01,6.9972699880599975586e-01
1.9687151908874511719e-01,9.5483690500259399414e-01,1.9946846365928649902e-01
1.1358048766851425171e-01,3.7593606859445571899e-02,5.8900737762451171875e-01
6.0553610324859619141e-01,6.3455116748809814453e-01,7.5739574432373046875e-01
2.3538233339786529541e-01,3.4343883395195007324e-01,7.8002291917800903320e-01
2.2729398310184478760e-01,9.0941780805587768555e-01,5.1972806453704833984e-01
2.7290066704154014587e-02,8.8252305984497070312e-01,8.3912223577499389648e-01
7.5376361608505249023e-02,1.8709221482276916504e-01,7.2266632318496704102e-01
8.7760841846466064453e-01,9.7850418090820312500e-01,7.7162659168243408203e-01
2.5131291151046752930e-01,1.7398540675640106201e-01,4.1265860199928283691e-01
8.1830453872680664062e-01,4.1071316599845886230e-01,8.0368250608444213867e-01
4.4531944394111633301e-01,2.1139298379421234131e-01,1.9935975968837738037e-01
6.7775595188140869141e-01,6.4183932542800903320e-01,7.3988926410675048828e-01
2.5659295916557312012e-01,1.3094098865985870361e-01,3.5434854030609130859e-01
6.2793397903442382812e-01,2.8610987588763237000e-02,2.6059957221150398254e-02
1.9886539876461029053e-01,9.3867385387420654297e-01,2.1351014077663421631e-01
9.6857637166976928711e-01,5.9764540195465087891e-01,5.4257041215896606445e-01
9.8264664411544799805e-02,6.9947326183319091797e-01,8.4298622608184814453e-01
5.4143041372299194336e-01,8.7597215175628662109e-01,8.6734712123870849609e-01
8.8287115097045898438e-01,2.7435466647148132324e-01,7.3233777284622192383e-01
8.2669484615325927734e-01,4.6615847945213317871e-01,7.0326656103134155273e-01
6.0203748941421508789e-01,7.3820596933364868164e-01,5.9538155794143676758e-01
4.3062684126198291779e-03,6.2619686126708984375e-01,6.6460567712783813477e-01
1.6896490007638931274e-02,4.4769477844238281250e-01,4.0947416424751281738e-01
5.6124860048294067383e-01,7.0003294944763183594e-01,9.5226335525512695312e-01
3.6602285504341125488e-01,1.6605083644390106201e-01,2.9440799355506896973e-01
5.7959556579589843750e-01,1.7282503843307495117e-01,9.5670568943023681641e-01
7.6275551319122314453e-01,4.1434657573699951172e-01,9.5697391033172607422e-01
4.3828956782817840576e-02,5.9173530340194702148e-01,4.6798154711723327637e-02
9.9214643239974975586e-01,9.4829887151718139648e-01,7.3033785820007324219e-01
4.9394798278808593750e-01,8.5769408941268920898e-01,7.8523254394531250000e-01
7.6103067398071289062e-01,4.2537105083465576172e-01,6.5190595388412475586e-01
8.3240711688995361328e-01,3.2445219159126281738e-01,8.0205494165420532227e-01
8.6110508441925048828e-01,7.9878669977188110352e-01,6.1028009653091430664e-01
9.4701868295669555664e-01,5.7422560453414916992e-01,1.1162984184920787811e-02
7.1004217863082885742e-01,7.5936144590377807617e-01,7.2681317105889320374e-03
7.7779746055603027344e-01,8.6723345518112182617e-01,3.7949675321578979492e-01
2.6874965056777000427e-02,2.1124893426895141602e-01,4.3897998332977294922e-01
2.6880308985710144043e-02,7.2586745023727416992e-02,2.3358462750911712646e-01
8.7280929088592529297e-01,1.7060786485671997070e-02,1.9525793194770812988e-01
2.4818550050258636475e-01,3.7838196754455566406e-01,2.8023827075958251953e-01
6.1737660318613052368e-02,8.8999456167221069336e-01,4.1645953059196472168e-01
5.7409924268722534180e-01,3.3681046962738037109e-01,2.0541263744235038757e-02
1.8924681842327117920e-01,4.1869288682937622070e-01,5.2233731746673583984e-01
1.6124581918120384216e-02,9.6494567394256591797e-01,3.3447599411010742188e-01
4.1578170657157897949e-01,1.6142603754997253418e-01,8.9251291751861572266e-01
6.7915225028991699219e-01,3.4299618005752563477e-01,1.7709685489535331726e-03
7.3853123188018798828e-01,7.9366850852966308594e-01,5.6265825033187866211e-01
6.9376623630523681641e-01,8.1542605161666870117e-01,7.5424391031265258789e-01
5.5252146720886230469e-01,3.8876682519912719727e-01,4.7429859638214111328e-01
1.0556713491678237915e-01,3.4039267897605895996e-01,9.4699329137802124023e-01
9.8764014244079589844e-01,8.9164459705352783203e-01,3.1376063823699951172e-01
1.1978954076766967773e-01,3.6796140670776367188e-01,6.3986581563949584961e-01
9.3547362089157104492e-01,3.0653861165046691895e-01,8.7649106979370117188e-01
5.4529184103012084961e-01,8.2704108953475952148e-01,1.6025392711162567139e-01
6.3500501215457916260e-02,4.2005369067192077637e-01,6.2947112321853637695e-01
9.6091490983963012695e-01,4.6750411391258239746e-01,2.4981373548507690430e-01
7.0528495311737060547e-01,4.9291118979454040527e-01,2.7011767029762268066e-01
2.1729108691215515137e-01,7.5882953405380249023e-01,4.8431587219238281250e-01
7.6467871665954589844e-01,8.7177473306655883789e-01,4.0302172303199768066e-01
4.1065293550491333008e-01,8.9973837137222290039e-01,2.6605445146560668945e-01
1.3287472724914550781e-01,6.2739378213882446289e-01,2.2428449988365173340e-01
9.1713565587997436523e-01,7.5405836105346679688e-01,5.3219509124755859375e-01
6.5451228618621826172e-01,6.0049968957901000977e-01,4.2872664332389831543e-01
6.3070827722549438477e-01,9.6990007162094116211e-01,7.4511355161666870117e-01
6.8789786100387573242e-01,3.9409253001213073730e-01,6.0161364078521728516e-01
7.6285159587860107422e-01,8.2752072811126708984e-01,9.0071552991867065430e-01
2.4378448724746704102e-01,6.2239998579025268555e-01,4.1969552636146545410e-01
6.2404040247201919556e-02,9.5944410562515258789e-01,1.1833389848470687866e-01
1.6234209761023521423e-02,9.3724501132965087891e-01,5.5260050296783447266e-01
6.4306512475013732910e-02,6.6450613737106323242e-01,3.4403070807456970215e-01
6.3007168471813201904e-02,2.7064234018325805664e-01,4.7044444084167480469e-01
1.6424979269504547119e-01,4.9994683265686035156e-01,8.6625832319259643555e-01
9.0767163038253784180e-01,7.9465769231319427490e-02,6.7394369840621948242e-01
9.1465963050723075867e-03,2.3454886674880981445e-01,3.1681185960769653320e-01
7.5668734312057495117e-01,2.2489896416664123535e-01,8.1773048639297485352e-01
2.9519784450531005859e-01,6.4366257190704345703e-01,9.7680169343948364258e-01
8.1926435232162475586e-01,2.9096159338951110840e-01,5.1343536376953125000e-01
9.0661102533340454102e-01,5.8446407318115234375e-01,8.0334722995758056641e-01
4.3809807300567626953e-01,5.2817326784133911133e-01,2.8912585973739624023e-01
8.5578614473342895508e-01,9.5566362142562866211e-02,7.8059267997741699219e-01
2.9711729288101196289e-01,6.4365321397781372070e-01,1.8250279128551483154e-01
8.6806517839431762695e-01,1.7714138329029083252e-01,8.5310637950897216797e-01
1.9930993020534515381e-01,7.8052625060081481934e-02,4.1673254966735839844e-01
7.9857513308525085449e-02,1.0075014829635620117e-01,5.1286482810974121094e-01
4.9490535259246826172e-01,3.9321100711822509766e-01,4.3779066205024719238e-01
8.5026383399963378906e-01,9.5774680376052856445e-02,3.7426167726516723633e-01
8.1067264080047607422e-01,8.4057676792144775391e-01,6.9274932146072387695e-01
5.3336697816848754883e-01,9.7525082528591156006e-02,2.6424789428710937500e-01
3.2495447993278503418e-01,9.7862827777862548828e-01,7.1325087547302246094e-01
7.3124957084655761719e-01,1.4459886588156223297e-02,5.2631653845310211182e-02
7.6605671644210815430e-01,2.7685928344726562500e-01,6.9049876928329467773e-01
6.4782381057739257812e-01,4.3412234634160995483e-02,1.6082398593425750732e-01
3.0744594335556030273e-01,5.0716024637222290039e-01,5.5776059627532958984e-01
5.2127003669738769531e-01,8.9788460731506347656e-01,7.6097160577774047852e-01
4.7902674414217472076e-03,4.2900833487510681152e-01,7.7362978458404541016e-01
4.0237647294998168945e-01,2.3302012681961059570e-01,8.5005879402160644531e-01
8.0955564975738525391e-01,3.4405526518821716309e-01,1.5219560265541076660e-01
2.2094513475894927979e-01,6.0843366384506225586e-01,8.0366992950439453125e-01
6.1501991748809814453e-01,6.6784417629241943359e-01,6.0045236349105834961e-01
7.6958906650543212891e-01,9.4866102933883666992e-01,6.1927092075347900391e-01
5.3129851818084716797e-01,2.4653740227222442627e-01,9.8258584737777709961e-02
9.2992520332336425781e-01,8.2766515016555786133e-01,1.7150437831878662109e-01
8.1368857622146606445e-01,5.9766632318496704102e-01,9.9842661619186401367e-01
7.9440855979919433594e-01,1.0991554707288742065e-01,2.0703917741775512695e-01
8.6159229278564453125e-01,7.1398991346359252930e-01,8.4783011674880981445e-01
6.5109515190124511719e-01,8.2535207271575927734e-01,2.3663822561502456665e-02
5.1985710859298706055e-01,7.6660698652267456055e-01,2.8790401294827461243e-02
7.8191816806793212891e-01,9.4561636447906494141e-01,2.0547993481159210205e-01
7.6234090328216552734e-01,9.9360024929046630859e-01,7.3691141605377197266e-01
1.9017271697521209717e-01,1.1557602882385253906e-01,9.2921519279479980469e-01
4.4036203622817993164e-01,2.0600524544715881348e-01,2.2686962783336639404e-01
9.6805894374847412109e-01,6.3975113630294799805e-01,9.9549210071563720703e-01
1.6826237738132476807e-01,9.3999326229095458984e-01,1.3305912911891937256e-01
9.5942324399948120117e-01,5.9597533941268920898e-01,2.2611984610557556152e-01
7.8532952070236206055e-01,3.0686661601066589355e-01,5.0421518087387084961e-01
1.8701227009296417236e-01,8.2258731126785278320e-01,5.8377873897552490234e-01
7.7479225397109985352e-01,6.4293515682220458984e-01,8.0010354518890380859e-01
9.5343929529190063477e-01,4.7881507873535156250e-01,6.3767468929290771484e-01
1.9714982807636260986e-01,1.0939500480890274048e-01,9.3897330760955810547e-01
3.4356203675270080566e-01,9.4859725236892700195e-01,9.3174821138381958008e-01
5.4469239711761474609e-01,5.0247097015380859375e-01,8.6939382553100585938e-01
7.6523506641387939453e-01,8.1122839450836181641e-01,5.3169935941696166992e-01
9.3327230215072631836e-01,9.3936431407928466797e-01,3.6237925291061401367e-01
1.7143629491329193115e-01,5.9293258190155029297e-01,5.7810896635055541992e-01
2.1160656213760375977e-01,9.2525994777679443359e-01,7.3654967546463012695e-01
3.6091393232345581055e-01,6.6750103235244750977e-01,7.2562527656555175781e-01
4.0718540549278259277e-01,4.4446504116058349609e-01,1.4488770067691802979e-01
8.7481516599655151367e-01,7.2144031524658203125e-01,3.3316370844841003418e-01
9.4882088899612426758e-01,6.8543350696563720703e-01,3.3170163631439208984e-01
2.2751459479331970215e-01,6.3588511943817138672e-01,9.0831291675567626953e-01
1.2857069075107574463e-01,1.6367837786674499512e-01,8.1533890962600708008e-01
7.2968316078186035156e-01,1.6007117927074432373e-01,9.9833595752716064453e-01
6.7002552747726440430e-01,7.3306709527969360352e-01,3.4888371825218200684e-01
1.3450013101100921631e-01,4.3474343419075012207e-01,5.2075237035751342773e-01
2.9200589656829833984e-01,5.6419116258621215820e-01,7.7097781002521514893e-02
1.1645732074975967407e-01,5.4902070760726928711e-01,3.7844449281692504883e-01
5.9933310747146606445e-01,4.0742527693510055542e-02,7.5425094366073608398e-01
2.9282018542289733887e-01,3.1464505195617675781e-01,7.4087637662887573242e-01
2.5765311717987060547e-01,4.2547938227653503418e-01,2.5023460388183593750e-01
7.5802588462829589844e-01,7.6801162958145141602e-01,4.1694861650466918945e-01
9.1601544618606567383e-01,7.7888745069503784180e-01,3.1143972277641296387e-01
7.7851015329360961914e-01,3.3656352758407592773e-01,9.0415865182876586914e-01
5.7039099931716918945e-01,9.8921936005353927612e-03,7.7256631851196289062e-01
3.8479116559028625488e-01,7.1198172867298126221e-02,9.2190980911254882812e-01
4.0639707446098327637e-01,3.8648748397827148438e-01,1.3013790547847747803e-01
7.9715389013290405273e-01,2.6389780640602111816e-01,4.4783461093902587891e-01
7.8174543380737304688e-01,6.1145943403244018555e-01,4.9978169798851013184e-01
8.8552194833755493164e-01,5.2576649188995361328e-01,4.1915634274482727051e-01
2.5412524119019508362e-02,7.7816170454025268555e-01,1.2717252969741821289e-01
3.3370974659919738770e-01,5.9540587663650512695e-01,8.5986323654651641846e-02
6.4530050754547119141e-01,6.6497474908828735352e-01,3.4807854890823364258e-01
2.7510002255439758301e-01,2.2443655133247375488e-01,5.9315246343612670898e-01
8.4416013956069946289e-01,5.8748322725296020508e-01,7.2697156667709350586e-01
8.3100330829620361328e-01,8.9454632997512817383e-01,8.5751572623848915100e-03
4.3002226948738098145e-01,8.9045323431491851807e-02,1.4644159376621246338e-01
4.0196761488914489746e-02,2.0895689725875854492e-01,7.1100568771362304688e-01
1.0160071402788162231e-01,9.7643733024597167969e-01,9.7667944431304931641e-01
8.9782124757766723633e-01,8.4638595581054687500e-02,1.4151798188686370850e-01
4.4772252440452575684e-02,2.2727866470813751221e-01,7.8882628679275512695e-01
8.7673708796501159668e-02,8.8324435055255889893e-02,6.3323467969894409180e-01
4.9356126785278320312e-01,9.1398888826370239258e-01,3.9289262890815734863e-01
8.8357812166213989258e-01,7.7518540620803833008e-01,9.1592460870742797852e-01
7.9329591989517211914e-01,3.0615586787462234497e-02,4.3564772605895996094e-01
5.3861564397811889648e-01,2.2878465056419372559e-01,2.2918100655078887939e-01
9.4359058141708374023e-01,9.3817877769470214844e-01,5.4390931129455566406e-01
8.1844300031661987305e-01,8.6482965946197509766e-01,1.2998481281101703644e-02
4.0719214081764221191e-01,6.9102764129638671875e-01,8.9067488908767700195e-01
6.5316683053970336914e-01,3.4528695046901702881e-02,9.6786564588546752930e-01
7.2529000043869018555e-01,2.2273567318916320801e-01,8.2206481695175170898e-01
5.9496992826461791992e-01,6.1755770444869995117e-01,1.0825595259666442871e-01
7.9191583395004272461e-01,9.0314108133316040039e-01,5.8627352118492126465e-03
6.7050391435623168945e-01,8.8633939623832702637e-02,8.5591882467269897461e-01
1.6770879924297332764e-01,5.6709319353103637695e-01,1.7272157967090606689e-01
2.2549873590469360352e-01,3.7414610385894775391e-01,6.9179370999336242676e-02
3.9292383939027786255e-02,9.2378932237625122070e-01,4.1387569904327392578e-01
3.1293421983718872070e-02,7.1953982114791870117e-01,5.5114305019378662109e-01
4.3071538209915161133e-01,3.8125302642583847046e-02,9.7569453716278076172e-01
1.4498205855488777161e-02,6.7568027973175048828e-01,3.0167937278747558594e-02
6.3248604536056518555e-01,2.7647310495376586914e-01,1.2949793040752410889e-01
8.2221966981887817383e-01,3.4156230092048645020e-01,7.4857908487319946289e-01
8.1985950469970703125e-01,1.7802324891090393066e-01,4.1088798642158508301e-01
9.8896789550781250000e-01,7.5661754608154296875e-01,5.9779435396194458008e-01
1.8602463603019714355e-01,6.3935196399688720703e-01,2.4843692779541015625e-01
9.9468991160392761230e-02,4.4692546129226684570e-01,7.3072618246078491211e-01
3.7558415532112121582e-01,7.4776417016983032227e-01,1.9560697674751281738e-01
4.8388856649398803711e-01,1.3428324833512306213e-02,2.4916851520538330078e-01
2.0747914910316467285e-01,5.0206506252288818359e-01,7.4648326635360717773e-01
7.7185851335525512695e-01,2.8286841511726379395e-01,7.8607922792434692383e-01
5.5010139942169189453e-02,9.2382305860519409180e-01,7.2276920080184936523e-01
5.8417290449142456055e-01,8.7350994348526000977e-01,2.2899542748928070068e-01
4.7184315323829650879e-01,8.6419194936752319336e-01,7.1718752384185791016e-01
1.8315681815147399902e-01,7.9136455059051513672e-01,6.8606787919998168945e-01
4.3970277905464172363e-01,9.0748792886734008789e-01,8.7147730588912963867e-01
9.5755285024642944336e-01,8.6701732873916625977e-01,1.9450794160366058350e-01
1.8490017950534820557e-01,6.4929407835006713867e-01,6.8083208799362182617e-01
9.5699542760848999023e-01,8.2724374532699584961e-01,7.0695757865905761719e-01
6.1738532781600952148e-01,8.4680110216140747070e-01,2.0943848788738250732e-01
5.1085257530212402344e-01,9.5840048789978027344e-01,5.5608111619949340820e-01
5.6771892309188842773e-01,2.0835678279399871826e-01,5.3742122650146484375e-01
6.6999727487564086914e-01,3.2994279265403747559e-01,9.0746682882308959961e-01
4.7000554203987121582e-01,2.6391908526420593262e-01,5.1786649227142333984e-01
3.2377117872238159180e-01,4.3869739770889282227e-01,6.2715065479278564453e-01
7.9591405391693115234e-01,3.2432490587234497070e-01,3.7421578168869018555e-01
1.9809298217296600342e-02,7.1046188473701477051e-02,2.4508632719516754150e-01
2.3299893736839294434e-01,7.1658509969711303711e-01,9.3267582356929779053e-02
7.5398987531661987305e-01,2.0009076595306396484e-01,9.0848964452743530273e-01
8.6139225959777832031e-01,2.6648771762847900391e-01,6.8356871604919433594e-01
2.1863357722759246826e-01,3.1294009089469909668e-01,5.9598308801651000977e-01
5.3505748510360717773e-01,6.6472399234771728516e-01,4.6913754940032958984e-01
8.1913113594055175781e-01,9.8263657093048095703e-01,1.4387796819210052490e-01
8.1533432006835937500e-01,1.8933154642581939697e-01,6.3944384455680847168e-02
6.6570252180099487305e-01,7.2294580936431884766e-01,4.1831058263778686523e-01
6.9594299793243408203e-01,1.4076343737542629242e-02,1.4829333871603012085e-02
1.8039779365062713623e-01,4.3640390038490295410e-02,9.6327370405197143555e-01
2.7741134166717529297e-01,5.8087360858917236328e-01,6.4144915342330932617e-01
8.9620941877365112305e-01,1.1759770661592483521e-01,3.8206258416175842285e-01
1.2887972593307495117e-01,1.7005814611911773682e-01,3.9996346831321716309e-01
4.5553350448608398438e-01,1.5182901918888092041e-01,9.7380369901657104492e-01
1.4919859170913696289e-01,5.2488154172897338867e-01,8.2605010271072387695e-01
9.7555652260780334473e-02,8.9469927549362182617e-01,9.9426317214965820312e-01
7.0761448144912719727e-01,7.5765937566757202148e-01,6.3470941781997680664e-01
1.1807178147137165070e-02,7.1690493822097778320e-01,2.6536881923675537109e-01
7.4999523162841796875e-01,8.0338990688323974609e-01,7.7944791316986083984e-01
5.1843595504760742188e-01,3.9540854096412658691e-01,6.3249462842941284180e-01
8.3025199174880981445e-01,4.8728358745574951172e-01,2.3720565438270568848e-01
4.3814897537231445312e-01,1.3891433179378509521e-01,5.9408998489379882812e-01
8.6026889085769653320e-01,3.4445399045944213867e-01,4.6344977617263793945e-01
6.5420562028884887695e-01,2.6525324583053588867e-01,7.7015668153762817383e-01
7.8024053573608398438e-01,7.8932845592498779297e-01,9.8507565259933471680e-01
931:0 190:1 904:2 592:0 206:1 282:2 179:0 808:1 538:2 538:0 538:-1 $ $ 487:-1 $ $ 974:0 974:-1 $ $ 808:-1 $ $ 179:2 53:0 53:-1 $ $ 179:-1 $ $ 192:0 192:-1 $ $ 344:-1 $ $ 563:1 563:2 563:0 563:-1 $ $ 520:-1 $ $ 503:0 503:-1 $ $ 282:-1 $ $ 592:2 206:0 206:-1 $ $ 592:-1 $ $ 244:0 244:-1 $ $ 598:-1 $ $ 987:0 403:1 605:2 605:0 605:-1 $ $ 403:-1 $ $ 573:0 573:-1 $ $ 59:-1 $ $ 987:2 38:0 38:-1 $ $ 987:-1 $ $ 807:0 807:-1 $ $ 854:-1 $ $ 380:1 214:2 214:0 214:-1 $ $ 380:-1 $ $ 722:0 722:-1 $ $ 223:-1 $ $ 5:2 5:0 5:-1 $ $ 21:-1 $ $ 249:0 249:-1 $ $ 853:-1 $ $ 480:2 480:0 513:1 500:2 500:0 500:-1 $ $ 88:-1 $ $ 513:0 513:-1 $ $ 65:-1 $ $ 694:2 304:0 304:-1 $ $ 694:-1 $ $ 389:0 389:-1 $ $ 480:-1 $ $ 287:1 944:2 99:0 99:-1 $ $ 944:-1 $ $ 287:0 287:-1 $ $ 610:-1 $ $ 433:2 433:0 433:-1 $ $ 362:-1 $ $ 673:0 673:-1 $ $ 235:-1 $ $ 184:0 695:1 695:2 844:0 844:-1 $ $ 695:-1 $ $ 387:0 387:-1 $ $ 184:-1 $ $ 163:2 163:0 163:-1 $ $ 190:-1 $ $ 793:0 793:-1 $ $ 171:-1 $ $ 147:1 156:2 147:0 147:-1 $ $ 156:-1 $ $ 841:0 841:-1 $ $ 4:-1 $ $ 411:2 411:0 411:-1 $ $ 356:-1 $ $ 904:-1 $ $ 439:1 956:2 168:0 715:1 51:2 353:0 353:-1 $ $ 51:-1 $ $ 715:0 715:-1 $ $ 572:-1 $ $ 429:2 429:0 429:-1 $ $ 168:-1 $ $ 682:0 682:-1 $ $ 173:-1 $ $ 925:1 689:2 689:0 689:-1 $ $ 925:-1 $ $ 213:0 213:-1 $ $ 956:-1 $ $ 638:2 76:0 76:-1 $ $ 638:-1 $ $ 881:0 881:-1 $ $ 781:-1 $ $ 197:0 783:1 783:2 783:0 783:-1 $ $ 546:-1 $ $ 578:0 578:-1 $ $ 197:-1 $ $ 795:2 289:0 289:-1 $ $ 795:-1 $ $ 779:0 779:-1 $ $ 439:-1 $ $ 241:1 241:2 241:0 241:-1 $ $ 154:-1 $ $ 70:0 70:-1 $ $ 625:-1 $ $ 479:2 479:0 479:-1 $ $ 629:-1 $ $ 67:-1 $ $ 342:2 221:0 221:1 678:2 678:0 678:-1 $ $ 221:-1 $ $ 298:0 298:-1 $ $ 180:-1 $ $ 341:2 203:0 203:-1 $ $ 341:-1 $ $ 200:0 200:-1 $ $ 653:-1 $ $ 530:1 530:2 530:0 530:-1 $ $ 567:-1 $ $ 342:0 342:-1 $ $ 125:-1 $ $ 231:2 915:0 915:-1 $ $ 231:-1 $ $ 897:0 897:-1 $ $ 514:-1 $ $ 526:0 810:1 620:2 810:0 810:-1 $ $ 620:-1 $ $ 78:0 78:-1 $ $ 124:-1 $ $ 29:2 909:0 909:-1 $ $ 29:-1 $ $ 34:0 34:-1 $ $ 526:-1 $ $ 388:1 388:2 388:0 388:-1 $ $ 135:-1 $ $ 199:0 199:-1 $ $ 971:-1 $ $ 390:2 507:0 507:-1 $ $ 390:-1 $ $ 161:-1 $ $ 402:0 202:1 738:2 777:0 688:1 688:2 688:0 688:-1 $ $ 229:-1 $ $ 738:0 738:-1 $ $ 587:-1 $ $ 473:2 473:0 473:-1 $ $ 189:-1 $ $ 926:0 926:-1 $ $ 777:-1 $ $ 930:1 930:2 930:0 930:-1 $ $ 772:-1 $ $ 300:0 300:-1 $ $ 201:-1 $ $ 749:2 749:0 749:-1 $ $ 202:-1 $ $ 378:0 378:-1 $ $ 770:-1 $ $ 901:0 901:1 901:2 667:0 667:-1 $ $ 901:-1 $ $ 71:0 71:-1 $ $ 166:-1 $ $ 18:2 18:0 18:-1 $ $ 590:-1 $ $ 72:0 72:-1 $ $ 543:-1 $ $ 374:1 374:2 436:0 436:-1 $ $ 374:-1 $ $ 984:0 984:-1 $ $ 368:-1 $ $ 458:2 458:0 458:-1 $ $ 757:-1 $ $ 880:0 880:-1 $ $ 889:-1 $ $ 708:2 183:0 825:1 79:2 79:0 79:-1 $ $ 399:-1 $ $ 169:0 169:-1 $ $ 825:-1 $ $ 478:2 478:0 478:-1 $ $ 183:-1 $ $ 421:0 421:-1 $ $ 954:-1 $ $ 822:1 978:2 87:0 87:-1 $ $ 978:-1 $ $ 312:0 312:-1 $ $ 822:-1 $ $ 460:2 460:0 460:-1 $ $ 813:-1 $ $ 708:0 708:-1 $ $ 211:-1 $ $ 554:0 44:1 554:2 929:0 929:-1 $ $ 554:-1 $ $ 44:0 44:-1 $ $ 327:-1 $ $ 441:2 441:0 441:-1 $ $ 865:-1 $ $ 709:0 709:-1 $ $ 726:-1 $ $ 266:1 448:2 448:0 448:-1 $ $ 402:-1 $ $ 820:0 820:-1 $ $ 266:-1 $ $ 96:2 842:0 842:-1 $ $ 96:-1 $ $ 666:-1 $ $ 430:1 326:2 345:0 714:1 373:2 373:0 373:-1 $ $ 451:-1 $ $ 714:0 714:-1 $ $ 345:-1 $ $ 430:2 527:0 527:-1 $ $ 430:-1 $ $ 26:0 26:-1 $ $ 352:-1 $ $ 431:1 431:2 283:0 283:-1 $ $ 431:-1 $ $ 346:0 346:-1 $ $ 490:-1 $ $ 537:2 537:0 537:-1 $ $ 996:-1 $ $ 559:0 559:-1 $ $ 326:-1 $ $ 54:0 384:1 384:2 663:0 663:-1 $ $ 384:-1 $ $ 560:0 560:-1 $ $ 54:-1 $ $ 160:2 330:0 330:-1 $ $ 160:-1 $ $ 139:0 139:-1 $ $ 655:-1 $ $ 723:1 174:2 914:0 914:-1 $ $ 174:-1 $ $ 723:0 723:-1 $ $ 947:-1 $ $ 815:2 457:0 457:-1 $ $ 815:-1 $ $ 988:-1 $ $ 122:2 972:0 774:1 908:2 922:0 922:-1 $ $ 908:-1 $ $ 774:0 774:-1 $ $ 122:-1 $ $ 972:2 103:0 103:-1 $ $ 972:-1 $ $ 277:0 277:-1 $ $ 420:-1 $ $ 401:1 401:2 401:0 401:-1 $ $ 0:-1 $ $ 358:0 358:-1 $ $ 261:-1 $ $ 624:2 566:0 566:-1 $ $ 624:-1 $ $ 730:0 730:-1 $ $ 371:-1 $ $ 866:0 272:1 272:2 272:0 272:-1 $ $ 866:-1 $ $ 19:0 19:-1 $ $ 539:-1 $ $ 181:2 181:0 181:-1 $ $ 568:-1 $ $ 452:0 452:-1 $ $ 427:-1 $ $ 469:1 469:2 602:0 602:-1 $ $ 469:-1 $ $ 492:0 492:-1 $ $ 191:-1 $ $ 713:2 713:0 713:-1 $ $ 234:-1 $ $ 242:-1 $ $ 141:2 217:0 594:1 943:2 467:0 467:1 798:2 504:0 504:-1 $ $ 798:-1 $ $ 291:0 291:-1 $ $ 467:-1 $ $ 948:2 948:0 948:-1 $ $ 495:-1 $ $ 470:0 470:-1 $ $ 919:-1 $ $ 591:1 472:2 472:0 472:-1 $ $ 375:-1 $ $ 943:0 943:-1 $ $ 591:-1 $ $ 205:2 205:0 205:-1 $ $ 669:-1 $ $ 594:0 594:-1 $ $ 737:-1 $ $ 303:0 840:1 840:2 840:0 840:-1 $ $ 724:-1 $ $ 906:0 906:-1 $ $ 303:-1 $ $ 992:2 992:0 992:-1 $ $ 704:-1 $ $ 369:0 369:-1 $ $ 484:-1 $ $ 143:1 831:2 831:0 831:-1 $ $ 128:-1 $ $ 143:0 143:-1 $ $ 194:-1 $ $ 645:2 645:0 645:-1 $ $ 953:-1 $ $ 702:0 702:-1 $ $ 828:-1 $ $ 617:2 36:0 442:1 185:2 185:0 185:-1 $ $ 422:-1 $ $ 442:0 442:-1 $ $ 617:-1 $ $ 838:2 838:0 838:-1 $ $ 36:-1 $ $ 412:0 412:-1 $ $ 417:-1 $ $ 435:1 435:2 435:0 435:-1 $ $ 8:-1 $ $ 564:0 564:-1 $ $ 385:-1 $ $ 883:2 883:0 883:-1 $ $ 17:-1 $ $ 771:0 771:-1 $ $ 785:-1 $ $ 600:0 600:1 90:2 90:0 90:-1 $ $ 600:-1 $ $ 46:0 46:-1 $ $ 400:-1 $ $ 814:2 814:0 814:-1 $ $ 727:-1 $ $ 945:0 945:-1 $ $ 811:-1 $ $ 217:1 217:2 254:0 254:-1 $ $ 217:-1 $ $ 506:0 506:-1 $ $ 186:-1 $ $ 423:2 423:0 423:-1 $ $ 148:-1 $ $ 57:-1 $ $ 955:1 84:2 729:0 696:1 905:2 905:0 905:-1 $ $ 729:-1 $ $ 94:0 94:-1 $ $ 696:-1 $ $ 268:2 975:0 975:-1 $ $ 268:-1 $ $ 647:0 647:-1 $ $ 851:-1 $ $ 12:1 657:2 657:0 657:-1 $ $ 570:-1 $ $ 84:0 84:-1 $ $ 12:-1 $ $ 525:2 525:0 525:-1 $ $ 763:-1 $ $ 920:0 920:-1 $ $ 955:-1 $ $ 746:0 837:1 569:2 569:0 569:-1 $ $ 453:-1 $ $ 837:0 837:-1 $ $ 141:-1 $ $ 658:2 658:0 658:-1 $ $ 670:-1 $ $ 641:0 641:-1 $ $ 746:-1 $ $ 680:1 656:2 849:0 849:-1 $ $ 656:-1 $ $ 367:0 367:-1 $ $ 680:-1 $ $ 75:2 75:0 75:-1 $ $ 606:-1 $ $ 720:-1 $ $ 226:2 123:0 253:1 634:2 253:0 253:-1 $ $ 634:-1 $ $ 753:0 753:-1 $ $ 716:-1 $ $ 248:2 518:0 518:-1 $ $ 248:-1 $ $ 328:0 328:-1 $ $ 123:-1 $ $ 14:1 14:2 6:0 6:-1 $ $ 14:-1 $ $ 146:0 146:-1 $ $ 226:-1 $ $ 227:2 227:0 227:-1 $ $ 278:-1 $ $ 830:0 830:-1 $ $ 407:-1 $ $ 260:0 463:1 260:2 394:0 394:-1 $ $ 260:-1 $ $ 463:0 463:-1 $ $ 336:-1 $ $ 25:2 25:0 25:-1 $ $ 95:-1 $ $ 498:0 498:-1 $ $ 502:-1 $ $ 736:1 515:2 628:0 628:-1 $ $ 515:-1 $ $ 632:0 632:-1 $ $ 736:-1 $ $ 931:2 759:0 759:-1 $ $ 931:-1 $ $ 167:-1 $ $ 52:0 243:1 741:2 256:0 113:1 113:2 365:0 365:-1 $ $ 113:-1 $ $ 792:0 792:-1 $ $ 187:-1 $ $ 946:2 474:0 474:-1 $ $ 946:-1 $ $ 243:0 243:-1 $ $ 256:-1 $ $ 894:1 894:2 761:0 761:-1 $ $ 894:-1 $ $ 517:0 517:-1 $ $ 957:-1 $ $ 965:2 965:0 965:-1 $ $ 697:-1 $ $ 741:0 741:-1 $ $ 97:-1 $ $ 989:0 175:1 989:2 175:0 175:-1 $ $ 989:-1 $ $ 648:0 648:-1 $ $ 318:-1 $ $ 787:2 93:0 93:-1 $ $ 787:-1 $ $ 557:0 557:-1 $ $ 524:-1 $ $ 654:1 900:2 868:0 868:-1 $ $ 900:-1 $ $ 228:0 228:-1 $ $ 654:-1 $ $ 372:2 372:0 372:-1 $ $ 212:-1 $ $ 40:0 40:-1 $ $ 496:-1 $ $ 895:2 35:0 35:1 129:2 129:0 129:-1 $ $ 35:-1 $ $ 686:0 686:-1 $ $ 550:-1 $ $ 322:2 839:0 839:-1 $ $ 322:-1 $ $ 959:0 959:-1 $ $ 765:-1 $ $ 370:1 886:2 370:0 370:-1 $ $ 886:-1 $ $ 962:0 962:-1 $ $ 165:-1 $ $ 661:2 661:0 661:-1 $ $ 775:-1 $ $ 301:0 301:-1 $ $ 895:-1 $ $ 692:0 990:1 776:2 776:0 776:-1 $ $ 164:-1 $ $ 413:0 413:-1 $ $ 990:-1 $ $ 692:2 58:0 58:-1 $ $ 692:-1 $ $ 140:0 140:-1 $ $ 927:-1 $ $ 50:1 50:2 50:0 50:-1 $ $ 55:-1 $ $ 115:0 115:-1 $ $ 391:-1 $ $ 683:2 683:0 683:-1 $ $ 52:-1 $ $ 145:-1 $ $ 505:1 580:2 152:0 674:1 863:2 674:0 674:-1 $ $ 863:-1 $ $ 509:0 509:-1 $ $ 152:-1 $ $ 483:2 449:0 449:-1 $ $ 483:-1 $ $ 717:0 717:-1 $ $ 985:-1 $ $ 250:1 415:2 3:0 3:-1 $ $ 415:-1 $ $ 250:0 250:-1 $ $ 580:-1 $ $ 33:2 130:0 130:-1 $ $ 33:-1 $ $ 896:0 896:-1 $ $ 505:-1 $ $ 751:0 751:1 357:2 616:0 616:-1 $ $ 357:-1 $ $ 742:0 742:-1 $ $ 751:-1 $ $ 664:2 664:0 664:-1 $ $ 575:-1 $ $ 207:0 207:-1 $ $ 846:-1 $ $ 77:1 101:2 690:0 690:-1 $ $ 101:-1 $ $ 77:0 77:-1 $ $ 56:-1 $ $ 652:2 652:0 652:-1 $ $ 937:-1 $ $ 558:-1 $ $ 859:2 359:0 597:1 359:2 747:0 747:-1 $ $ 359:-1 $ $ 597:0 597:-1 $ $ 675:-1 $ $ 198:2 198:0 198:-1 $ $ 209:-1 $ $ 621:0 621:-1 $ $ 859:-1 $ $ 636:1 116:2 636:0 636:-1 $ $ 116:-1 $ $ 151:0 151:-1 $ $ 650:-1 $ $ 247:2 247:0 247:-1 $ $ 428:-1 $ $ 144:0 144:-1 $ $ 627:-1 $ $ 299:0 299:1 523:2 523:0 523:-1 $ $ 299:-1 $ $ 754:0 754:-1 $ $ 176:-1 $ $ 890:2 306:0 306:-1 $ $ 890:-1 $ $ 740:0 740:-1 $ $ 466:-1 $ $ 153:1 153:2 153:0 153:-1 $ $ 961:-1 $ $ 585:0 585:-1 $ $ 315:-1 $ $ 721:2 721:0 721:-1 $ $ 719:-1 $ $ 963:-1 $ $ 340:1 284:2 626:0 66:1 603:2 784:0 285:1 755:2 755:0 755:-1 $ $ 784:-1 $ $ 516:0 516:-1 $ $ 285:-1 $ $ 481:2 481:0 481:-1 $ $ 445:-1 $ $ 752:0 752:-1 $ $ 603:-1 $ $ 862:1 860:2 983:0 983:-1 $ $ 860:-1 $ $ 348:0 348:-1 $ $ 862:-1 $ $ 259:2 259:0 259:-1 $ $ 576:-1 $ $ 224:0 224:-1 $ $ 119:-1 $ $ 455:0 858:1 409:2 409:0 409:-1 $ $ 858:-1 $ $ 668:0 668:-1 $ $ 455:-1 $ $ 762:2 762:0 762:-1 $ $ 335:-1 $ $ 540:0 540:-1 $ $ 462:-1 $ $ 195:1 208:2 195:0 195:-1 $ $ 208:-1 $ $ 334:0 334:-1 $ $ 626:-1 $ $ 314:2 149:0 149:-1 $ $ 314:-1 $ $ 239:0 239:-1 $ $ 66:-1 $ $ 91:2 812:0 812:1 871:2 871:0 871:-1 $ $ 812:-1 $ $ 934:0 934:-1 $ $ 562:-1 $ $ 584:2 1:0 1:-1 $ $ 584:-1 $ $ 499:0 499:-1 $ $ 482:-1 $ $ 639:1 396:2 949:0 949:-1 $ $ 396:-1 $ $ 91:0 91:-1 $ $ 639:-1 $ $ 711:2 711:0 711:-1 $ $ 816:-1 $ $ 188:0 188:-1 $ $ 347:-1 $ $ 284:0 731:1 11:2 731:0 731:-1 $ $ 11:-1 $ $ 438:0 438:-1 $ $ 284:-1 $ $ 855:2 855:0 855:-1 $ $ 106:-1 $ $ 551:0 551:-1 $ $ 32:-1 $ $ 677:1 43:2 677:0 677:-1 $ $ 43:-1 $ $ 418:0 418:-1 $ $ 68:-1 $ $ 679:2 609:0 609:-1 $ $ 679:-1 $ $ 819:-1 $ $ 981:1 760:2 381:0 582:1 381:2 643:0 643:-1 $ $ 381:-1 $ $ 582:0 582:-1 $ $ 809:-1 $ $ 874:2 874:0 874:-1 $ $ 981:-1 $ $ 579:0 579:-1 $ $ 281:-1 $ $ 928:1 494:2 494:0 494:-1 $ $ 408:-1 $ $ 928:0 928:-1 $ $ 142:-1 $ $ 398:2 398:0 398:-1 $ $ 739:-1 $ $ 760:0 760:-1 $ $ 265:-1 $ $ 27:0 220:1 465:2 768:0 768:-1 $ $ 465:-1 $ $ 464:0 464:-1 $ $ 220:-1 $ $ 630:2 630:0 630:-1 $ $ 27:-1 $ $ 933:0 933:-1 $ $ 951:-1 $ $ 48:1 48:2 671:0 671:-1 $ $ 48:-1 $ $ 856:0 856:-1 $ $ 364:-1 $ $ 986:2 986:0 986:-1 $ $ 444:-1 $ $ 331:-1 $ $ 693:2 92:0 355:1 319:2 319:0 319:-1 $ $ 296:-1 $ $ 764:0 764:-1 $ $ 355:-1 $ $ 615:2 615:0 615:-1 $ $ 92:-1 $ $ 633:0 633:-1 $ $ 867:-1 $ $ 745:1 700:2 337:0 337:-1 $ $ 700:-1 $ $ 745:0 745:-1 $ $ 233:-1 $ $ 589:2 100:0 100:-1 $ $ 589:-1 $ $ 693:0 693:-1 $ $ 676:-1 $ $ 732:0 619:1 732:2 699:0 699:-1 $ $ 732:-1 $ $ 916:0 916:-1 $ $ 619:-1 $ $ 339:2 501:0 501:-1 $ $ 339:-1 $ $ 973:0 973:-1 $ $ 997:-1 $ $ 622:1 529:2 85:0 85:-1 $ $ 529:-1 $ $ 622:0 622:-1 $ $ 649:-1 $ $ 698:2 698:0 698:-1 $ $ 406:-1 $ $ 512:-1 $ $ 47:0 604:1 613:2 712:0 577:1 769:2 541:0 541:-1 $ $ 769:-1 $ $ 577:0 577:-1 $ $ 22:-1 $ $ 712:2 317:0 317:-1 $ $ 712:-1 $ $ 549:0 549:-1 $ $ 618:-1 $ $ 613:1 105:2 635:0 635:-1 $ $ 105:-1 $ $ 613:0 613:-1 $ $ 685:-1 $ $ 662:2 7:0 7:-1 $ $ 662:-1 $ $ 672:0 672:-1 $ $ 47:-1 $ $ 907:0 45:1 162:2 162:0 162:-1 $ $ 907:-1 $ $ 45:0 45:-1 $ $ 913:-1 $ $ 604:2 604:0 604:-1 $ $ 311:-1 $ $ 574:0 574:-1 $ $ 796:-1 $ $ 942:1 596:2 596:0 596:-1 $ $ 942:-1 $ $ 938:0 938:-1 $ $ 333:-1 $ $ 13:2 13:0 13:-1 $ $ 756:-1 $ $ 104:0 104:-1 $ $ 902:-1 $ $ 20:2 542:0 10:1 969:2 31:0 31:-1 $ $ 969:-1 $ $ 10:0 10:-1 $ $ 9:-1 $ $ 542:2 136:0 136:-1 $ $ 542:-1 $ $ 994:0 994:-1 $ $ 20:-1 $ $ 361:1 522:2 522:0 522:-1 $ $ 414:-1 $ $ 294:0 294:-1 $ $ 361:-1 $ $ 471:2 471:0 471:-1 $ $ 553:-1 $ $ 835:0 835:-1 $ $ 801:-1 $ $ 998:0 998:1 998:2 489:0 489:-1 $ $ 998:-1 $ $ 2:0 2:-1 $ $ 728:-1 $ $ 493:2 548:0 548:-1 $ $ 493:-1 $ $ 236:0 236:-1 $ $ 270:-1 $ $ 845:1 845:2 258:0 258:-1 $ $ 845:-1 $ $ 939:0 939:-1 $ $ 976:-1 $ $ 970:2 970:0 970:-1 $ $ 290:-1 $ $ 138:-1 $ $ 861:1 651:2 977:0 170:1 170:2 170:0 170:-1 $ $ 279:-1 $ $ 440:0 440:-1 $ $ 80:-1 $ $ 98:2 98:0 98:-1 $ $ 215:-1 $ $ 861:0 861:-1 $ $ 977:-1 $ $ 477:1 646:2 108:0 108:-1 $ $ 646:-1 $ $ 843:0 843:-1 $ $ 477:-1 $ $ 748:2 83:0 83:-1 $ $ 748:-1 $ $ 733:0 733:-1 $ $ 651:-1 $ $ 219:0 204:1 37:2 37:0 37:-1 $ $ 204:-1 $ $ 62:0 62:-1 $ $ 491:-1 $ $ 350:2 350:0 350:-1 $ $ 623:-1 $ $ 434:0 434:-1 $ $ 219:-1 $ $ 852:1 852:2 850:0 850:-1 $ $ 852:-1 $ $ 237:0 237:-1 $ $ 363:-1 $ $ 126:2 126:0 126:-1 $ $ 789:-1 $ $ 39:-1 $ $ 958:2 447:0 885:1 847:2 885:0 885:-1 $ $ 847:-1 $ $ 958:0 958:-1 $ $ 447:-1 $ $ 302:2 545:0 545:-1 $ $ 302:-1 $ $ 340:0 340:-1 $ $ 950:-1 $ $ 521:1 307:2 238:0 238:-1 $ $ 307:-1 $ $ 521:0 521:-1 $ $ 535:-1 $ $ 397:2 114:0 114:-1 $ $ 397:-1 $ $ 601:0 601:-1 $ $ 230:-1 $ $ 158:0 912:1 158:2 802:0 802:-1 $ $ 158:-1 $ $ 912:0 912:-1 $ $ 257:-1 $ $ 41:2 780:0 780:-1 $ $ 41:-1 $ $ 797:0 797:-1 $ $ 273:-1 $ $ 508:1 823:2 637:0 637:-1 $ $ 823:-1 $ $ 182:0 182:-1 $ $ 508:-1 $ $ 459:2 459:0 459:-1 $ $ 30:-1 $ $ 588:-1 $ $ 127:2 216:0 644:1 827:2 586:0 69:1 642:2 61:0 61:-1 $ $ 642:-1 $ $ 69:0 69:-1 $ $ 262:-1 $ $ 511:2 877:0 877:-1 $ $ 511:-1 $ $ 583:0 583:-1 $ $ 586:-1 $ $ 940:1 940:2 940:0 940:-1 $ $ 222:-1 $ $ 660:0 660:-1 $ $ 827:-1 $ $ 274:2 274:0 274:-1 $ $ 805:-1 $ $ 767:0 767:-1 $ $ 644:-1 $ $ 117:0 561:1 488:2 488:0 488:-1 $ $ 324:-1 $ $ 561:0 561:-1 $ $ 117:-1 $ $ 118:2 735:0 735:-1 $ $ 118:-1 $ $ 758:0 758:-1 $ $ 979:-1 $ $ 921:1 921:2 921:0 921:-1 $ $ 172:-1 $ $ 405:0 405:-1 $ $ 833:-1 $ $ 982:2 982:0 982:-1 $ $ 903:-1 $ $ 60:0 60:-1 $ $ 750:-1 $ $ 81:2 960:0 960:1 155:2 824:0 824:-1 $ $ 155:-1 $ $ 246:0 246:-1 $ $ 960:-1 $ $ 593:2 593:0 593:-1 $ $ 267:-1 $ $ 475:0 475:-1 $ $ 293:-1 $ $ 967:1 536:2 876:0 876:-1 $ $ 536:-1 $ $ 967:0 967:-1 $ $ 81:-1 $ $ 329:2 329:0 329:-1 $ $ 63:-1 $ $ 157:0 157:-1 $ $ 528:-1 $ $ 426:0 468:1 338:2 323:0 323:-1 $ $ 338:-1 $ $ 468:0 468:-1 $ $ 534:-1 $ $ 426:2 706:0 706:-1 $ $ 426:-1 $ $ 393:0 393:-1 $ $ 159:-1 $ $ 49:1 216:2 556:0 556:-1 $ $ 216:-1 $ $ 49:0 49:-1 $ $ 571:-1 $ $ 555:2 555:0 555:-1 $ $ 532:-1 $ $ 269:-1 $ $ 832:1 898:2 804:0 450:1 607:2 607:0 607:-1 $ $ 804:-1 $ $ 995:0 995:-1 $ $ 450:-1 $ $ 131:2 131:0 131:-1 $ $ 701:-1 $ $ 898:0 898:-1 $ $ 28:-1 $ $ 884:1 826:2 884:0 884:-1 $ $ 826:-1 $ $ 486:0 486:-1 $ $ 725:-1 $ $ 271:2 271:0 271:-1 $ $ 614:-1 $ $ 899:0 899:-1 $ $ 443:-1 $ $ 292:0 127:1 111:2 111:0 111:-1 $ $ 292:-1 $ $ 127:0 127:-1 $ $ 102:-1 $ $ 15:2 305:0 305:-1 $ $ 15:-1 $ $ 917:0 917:-1 $ $ 351:-1 $ $ 786:1 918:2 918:0 918:-1 $ $ 286:-1 $ $ 419:0 419:-1 $ $ 786:-1 $ $ 744:2 392:0 392:-1 $ $ 744:-1 $ $ 832:-1 $ $ 821:2 544:0 941:1 936:2 941:0 941:-1 $ $ 936:-1 $ $ 703:0 703:-1 $ $ 86:-1 $ $ 544:2 980:0 980:-1 $ $ 544:-1 $ $ 710:0 710:-1 $ $ 878:-1 $ $ 964:1 964:2 872:0 872:-1 $ $ 964:-1 $ $ 640:0 640:-1 $ $ 911:-1 $ $ 354:2 924:0 924:-1 $ $ 354:-1 $ $ 134:0 134:-1 $ $ 821:-1 $ $ 806:0 510:1 476:2 476:0 476:-1 $ $ 910:-1 $ $ 892:0 892:-1 $ $ 510:-1 $ $ 806:2 681:0 681:-1 $ $ 806:-1 $ $ 533:0 533:-1 $ $ 829:-1 $ $ 565:1 565:2 565:0 565:-1 $ $ 82:-1 $ $ 177:0 177:-1 $ $ 349:-1 $ $ 112:2 112:0 112:-1 $ $ 893:-1 $ $ 935:-1 $ $ 887:0 991:1 612:2 425:0 425:1 42:2 42:0 42:-1 $ $ 425:-1 $ $ 240:0 240:-1 $ $ 251:-1 $ $ 869:2 791:0 791:-1 $ $ 869:-1 $ $ 612:0 612:-1 $ $ 773:-1 $ $ 782:1 552:2 461:0 461:-1 $ $ 552:-1 $ $ 782:0 782:-1 $ $ 308:-1 $ $ 734:2 991:0 991:-1 $ $ 734:-1 $ $ 404:0 404:-1 $ $ 325:-1 $ $ 252:0 252:1 252:2 891:0 891:-1 $ $ 252:-1 $ $ 497:0 497:-1 $ $ 109:-1 $ $ 332:2 332:0 332:-1 $ $ 73:-1 $ $ 794:0 794:-1 $ $ 321:-1 $ $ 743:1 288:2 121:0 121:-1 $ $ 288:-1 $ $ 743:0 743:-1 $ $ 383:-1 $ $ 320:2 320:0 320:-1 $ $ 887:-1 $ $ 309:0 309:-1 $ $ 313:-1 $ $ 864:2 437:0 595:1 595:2 595:0 595:-1 $ $ 24:-1 $ $ 659:0 659:-1 $ $ 275:-1 $ $ 437:2 968:0 968:-1 $ $ 437:-1 $ $ 864:0 864:-1 $ $ 410:-1 $ $ 196:1 23:2 23:0 23:-1 $ $ 817:-1 $ $ 818:0 818:-1 $ $ 196:-1 $ $ 879:2 879:0 879:-1 $ $ 870:-1 $ $ 834:0 834:-1 $ $ 766:-1 $ $ 446:0 395:1 800:2 800:0 800:-1 $ $ 395:-1 $ $ 360:0 360:-1 $ $ 446:-1 $ $ 788:2 310:0 310:-1 $ $ 788:-1 $ $ 137:0 137:-1 $ $ 150:-1 $ $ 379:1 379:2 379:0 379:-1 $ $ 993:-1 $ $ 297:0 297:-1 $ $ 836:-1 $ $ 178:2 456:0 456:-1 $ $ 178:-1 $ $ 377:-1 $ $ 519:1 485:2 687:0 687:1 790:2 132:0 132:-1 $ $ 790:-1 $ $ 485:0 485:-1 $ $ 687:-1 $ $ 120:2 316:0 316:-1 $ $ 120:-1 $ $ 923:0 923:-1 $ $ 581:-1 $ $ 280:1 107:2 107:0 107:-1 $ $ 386:-1 $ $ 280:0 280:-1 $ $ 888:-1 $ $ 366:2 718:0 718:-1 $ $ 366:-1 $ $ 665:0 665:-1 $ $ 382:-1 $ $ 519:0 873:1 705:2 232:0 232:-1 $ $ 705:-1 $ $ 416:0 416:-1 $ $ 873:-1 $ $ 432:2 432:0 432:-1 $ $ 519:-1 $ $ 875:0 875:-1 $ $ 193:-1 $ $ 707:1 376:2 848:0 848:-1 $ $ 376:-1 $ $ 707:0 707:-1 $ $ 264:-1 $ $ 64:2 225:0 225:-1 $ $ 64:-1 $ $ 882:-1 $ $ 218:2 255:0 803:1 691:2 691:0 691:-1 $ $ 255:-1 $ $ 803:0 803:-1 $ $ 295:-1 $ $ 531:2 531:0 531:-1 $ $ 110:-1 $ $ 857:0 857:-1 $ $ 74:-1 $ $ 133:1 343:2 343:0 343:-1 $ $ 952:-1 $ $ 966:0 966:-1 $ $ 133:-1 $ $ 608:2 608:0 608:-1 $ $ 631:-1 $ $ 218:0 218:-1 $ $ 799:-1 $ $ 778:0 89:1 684:2 684:0 684:-1 $ $ 89:-1 $ $ 999:0 999:-1 $ $ 424:-1 $ $ 245:2 245:0 245:-1 $ $ 778:-1 $ $ 454:0 454:-1 $ $ 611:-1 $ $ 16:1 932:2 263:0 263:-1 $ $ 932:-1 $ $ 16:0 16:-1 $ $ 599:-1 $ $ 547:2 210:0 210:-1 $ $ 547:-1 $ $ 276:-1 $ $ 